<?xml version="1.0" encoding="UTF-8"?>
<robot generator="Robot 7.4.2 (Python 3.12.2 on win32)" generated="2026-04-13T21:49:09.911426" rpa="false" schemaversion="5">
<suite id="s1" name="AWS---AI-for-Softaware-Quality-Engineering---Fase-1---2" source="C:\Users\IgorHerculanoSilva\Desktop\Learning\Repositorio inicial\AWS---AI-for-Softaware-Quality-Engineering---Fase-1---2">
<suite id="s1-s1" name="Fase 2" source="C:\Users\IgorHerculanoSilva\Desktop\Learning\Repositorio inicial\AWS---AI-for-Softaware-Quality-Engineering---Fase-1---2\Fase 2">
<suite id="s1-s1-s1" name="Sprint 2" source="C:\Users\IgorHerculanoSilva\Desktop\Learning\Repositorio inicial\AWS---AI-for-Softaware-Quality-Engineering---Fase-1---2\Fase 2\Sprint 2">
<suite id="s1-s1-s1-s1" name="Semana 4" source="C:\Users\IgorHerculanoSilva\Desktop\Learning\Repositorio inicial\AWS---AI-for-Softaware-Quality-Engineering---Fase-1---2\Fase 2\Sprint 2\Semana 4">
<suite id="s1-s1-s1-s1-s1" name="TestingServerRest" source="C:\Users\IgorHerculanoSilva\Desktop\Learning\Repositorio inicial\AWS---AI-for-Softaware-Quality-Engineering---Fase-1---2\Fase 2\Sprint 2\Semana 4\TestingServerRest">
<suite id="s1-s1-s1-s1-s1-s1" name="ServerRest testes 1HP" source="C:\Users\IgorHerculanoSilva\Desktop\Learning\Repositorio inicial\AWS---AI-for-Softaware-Quality-Engineering---Fase-1---2\Fase 2\Sprint 2\Semana 4\TestingServerRest\ServerRest_testes_1HP.robot">
<test id="s1-s1-s1-s1-s1-s1-t1" name="HP - Happy Path ADM" line="8">
<kw name="Criar Sessão na ServerRest" owner="ServerRest_Resources">
<kw name="Create Dictionary" owner="BuiltIn">
<msg time="2026-04-13T21:49:10.431040" level="INFO">${headers} = {'accept': 'application/json', 'Content-Type': 'application/json'}</msg>
<var>${headers}</var>
<arg>accept=application/json</arg>
<arg>Content-Type=application/json</arg>
<doc>Creates and returns a dictionary based on the given ``items``.</doc>
<status status="PASS" start="2026-04-13T21:49:10.431040" elapsed="0.000000"/>
</kw>
<kw name="Create Session" owner="RequestsLibrary">
<msg time="2026-04-13T21:49:10.431040" level="INFO">Creating Session using : alias=CompassServerRest, url=https://compassuol.serverest.dev/, headers={'accept': 'application/json', 'Content-Type': 'application/json'},                     cookies={}, auth=None, timeout=None, proxies=None, verify=False,                     debug=0 </msg>
<arg>alias=CompassServerRest</arg>
<arg>url=${URL}</arg>
<arg>headers=${headers}</arg>
<doc>Create Session: create a HTTP session to a server</doc>
<status status="PASS" start="2026-04-13T21:49:10.431040" elapsed="0.001001"/>
</kw>
<status status="PASS" start="2026-04-13T21:49:10.430040" elapsed="0.002001"/>
</kw>
<kw name="Criar Usuario Novo Aleatorio" owner="ServerRest_Resources">
<kw name="Gerar Email Aleatorio" owner="ServerRest_Resources">
<kw name="Email" owner="FakerLibrary">
<msg time="2026-04-13T21:49:10.432041" level="INFO">${email} = pmartins@example.org</msg>
<var>${email}</var>
<status status="PASS" start="2026-04-13T21:49:10.432041" elapsed="0.000000"/>
</kw>
<kw name="Set Test Variable" owner="BuiltIn">
<msg time="2026-04-13T21:49:10.433041" level="INFO">${EMAIL_TESTE} = pmartins@example.org</msg>
<arg>${EMAIL_TESTE}</arg>
<arg>${email}</arg>
<doc>Makes a variable available everywhere within the scope of the current test.</doc>
<status status="PASS" start="2026-04-13T21:49:10.432041" elapsed="0.001000"/>
</kw>
<status status="PASS" start="2026-04-13T21:49:10.432041" elapsed="0.001000"/>
</kw>
<status status="PASS" start="2026-04-13T21:49:10.432041" elapsed="0.001000"/>
</kw>
<kw name="Cadastrar Usuario ADM" owner="ServerRest_Resources">
<kw name="Gerar Nome Aleatorio" owner="ServerRest_Resources">
<kw name="Name" owner="FakerLibrary">
<msg time="2026-04-13T21:49:10.433041" level="INFO">${nome} = Sr. Ravy Silveira</msg>
<var>${nome}</var>
<doc>:example: 'John Doe'</doc>
<status status="PASS" start="2026-04-13T21:49:10.433041" elapsed="0.000000"/>
</kw>
<return>
<value>${nome}</value>
<status status="PASS" start="2026-04-13T21:49:10.433041" elapsed="0.000000"/>
</return>
<msg time="2026-04-13T21:49:10.433041" level="INFO">${nome} = Sr. Ravy Silveira</msg>
<var>${nome}</var>
<status status="PASS" start="2026-04-13T21:49:10.433041" elapsed="0.000000"/>
</kw>
<kw name="Create Dictionary" owner="BuiltIn">
<msg time="2026-04-13T21:49:10.433041" level="INFO">${body} = {'nome': 'Sr. Ravy Silveira', 'email': 'pmartins@example.org', 'password': 'teste', 'administrador': 'true'}</msg>
<var>${body}</var>
<arg>nome=${nome}</arg>
<arg>email=${EMAIL_TESTE}</arg>
<arg>password=teste</arg>
<arg>administrador=true</arg>
<doc>Creates and returns a dictionary based on the given ``items``.</doc>
<status status="PASS" start="2026-04-13T21:49:10.433041" elapsed="0.000000"/>
</kw>
<kw name="POST On Session" owner="RequestsLibrary">
<msg time="2026-04-13T21:49:21.113912" level="INFO">POST Request : url=https://compassuol.serverest.dev/usuarios 
 path_url=/usuarios 
 headers={'User-Agent': 'python-requests/2.32.5', 'Accept-Encoding': 'gzip, deflate', 'accept': 'application/json', 'Connection': 'keep-alive', 'Content-Type': 'application/json', 'Content-Length': '108'} 
 body=b'{"nome": "Sr. Ravy Silveira", "email": "pmartins@example.org", "password": "teste", "administrador": "true"}' 
 </msg>
<msg time="2026-04-13T21:49:21.113912" level="INFO">POST Response : url=https://compassuol.serverest.dev/usuarios 
 status=201, reason=Created 
 headers={'access-control-allow-origin': '*', 'x-dns-prefetch-control': 'off', 'x-frame-options': 'SAMEORIGIN', 'strict-transport-security': 'max-age=15552000; includeSubDomains', 'x-download-options': 'noopen', 'x-content-type-options': 'nosniff', 'x-xss-protection': '1; mode=block', 'content-type': 'application/json; charset=utf-8', 'x-cloud-trace-context': 'f632f4e1898029401d0674b8d5ae7afa;o=1', 'date': 'Tue, 14 Apr 2026 00:49:22 GMT', 'server': 'Google Frontend', 'Content-Length': '82'} 
 body={
    "message": "Cadastro realizado com sucesso",
    "_id": "IOqUdw58IcaYqvyv"
} 
 </msg>
<msg time="2026-04-13T21:49:21.114915" level="INFO">${resposta} = &lt;Response [201]&gt;</msg>
<var>${resposta}</var>
<arg>alias=CompassServerRest</arg>
<arg>url=usuarios</arg>
<arg>json=${body}</arg>
<doc>Sends a POST request on a previously created HTTP Session.</doc>
<status status="PASS" start="2026-04-13T21:49:10.434041" elapsed="10.680874"/>
</kw>
<kw name="Set Test Variable" owner="BuiltIn">
<msg time="2026-04-13T21:49:21.114915" level="INFO">${RESPOSTA} = {'message': 'Cadastro realizado com sucesso', '_id': 'IOqUdw58IcaYqvyv'}</msg>
<arg>${RESPOSTA}</arg>
<arg>${resposta.json()}</arg>
<doc>Makes a variable available everywhere within the scope of the current test.</doc>
<status status="PASS" start="2026-04-13T21:49:21.114915" elapsed="0.000000"/>
</kw>
<status status="PASS" start="2026-04-13T21:49:10.433041" elapsed="10.681874"/>
</kw>
<kw name="Listar Usuario e verificar se deu certo" owner="ServerRest_Resources">
<kw name="Dictionary Should Contain Item" owner="Collections">
<arg>${RESPOSTA}</arg>
<arg>message</arg>
<arg>Cadastro realizado com sucesso</arg>
<doc>An item of ``key`` / ``value`` must be found in a ``dictionary``.</doc>
<status status="PASS" start="2026-04-13T21:49:21.115913" elapsed="0.000000"/>
</kw>
<kw name="Dictionary Should Contain Key" owner="Collections">
<arg>${RESPOSTA}</arg>
<arg>_id</arg>
<doc>Fails if ``key`` is not found from ``dictionary``.</doc>
<status status="PASS" start="2026-04-13T21:49:21.115913" elapsed="0.000000"/>
</kw>
<kw name="Set Suite Variable" owner="BuiltIn">
<msg time="2026-04-13T21:49:21.115913" level="INFO">${ID_USUARIO} = IOqUdw58IcaYqvyv</msg>
<arg>${ID_USUARIO}</arg>
<arg>${RESPOSTA}[_id]</arg>
<doc>Makes a variable available everywhere within the scope of the current suite.</doc>
<status status="PASS" start="2026-04-13T21:49:21.115913" elapsed="0.000000"/>
</kw>
<kw name="GET On Session" owner="RequestsLibrary">
<msg time="2026-04-13T21:49:21.403133" level="INFO">GET Request : url=https://compassuol.serverest.dev/usuarios/IOqUdw58IcaYqvyv 
 path_url=/usuarios/IOqUdw58IcaYqvyv 
 headers={'User-Agent': 'python-requests/2.32.5', 'Accept-Encoding': 'gzip, deflate', 'accept': 'application/json', 'Connection': 'keep-alive', 'Content-Type': 'application/json'} 
 body=None 
 </msg>
<msg time="2026-04-13T21:49:21.403133" level="INFO">GET Response : url=https://compassuol.serverest.dev/usuarios/IOqUdw58IcaYqvyv 
 status=200, reason=OK 
 headers={'access-control-allow-origin': '*', 'x-dns-prefetch-control': 'off', 'x-frame-options': 'SAMEORIGIN', 'strict-transport-security': 'max-age=15552000; includeSubDomains', 'x-download-options': 'noopen', 'x-content-type-options': 'nosniff', 'x-xss-protection': '1; mode=block', 'content-type': 'application/json; charset=utf-8', 'x-cloud-trace-context': '6a6cfa6083f20b7d51b52350bcd42d5c', 'date': 'Tue, 14 Apr 2026 00:49:22 GMT', 'server': 'Google Frontend', 'Content-Length': '157'} 
 body={
    "nome": "Sr. Ravy Silveira",
    "email": "pmartins@example.org",
    "password": "teste",
    "administrador": "true",
    "_id": "IOqUdw58IcaYqvyv"
} 
 </msg>
<msg time="2026-04-13T21:49:21.403133" level="INFO">${resposta_get} = &lt;Response [200]&gt;</msg>
<var>${resposta_get}</var>
<arg>alias=CompassServerRest</arg>
<arg>url=usuarios/${ID_USUARIO}</arg>
<doc>Sends a GET request on a previously created HTTP Session.</doc>
<status status="PASS" start="2026-04-13T21:49:21.115913" elapsed="0.287220"/>
</kw>
<kw name="Dictionary Should Contain Key" owner="Collections">
<arg>${resposta_get.json()}</arg>
<arg>nome</arg>
<doc>Fails if ``key`` is not found from ``dictionary``.</doc>
<status status="PASS" start="2026-04-13T21:49:21.404133" elapsed="0.000000"/>
</kw>
<status status="PASS" start="2026-04-13T21:49:21.115913" elapsed="0.288220"/>
</kw>
<kw name="Realizar Login" owner="ServerRest_Resources">
<kw name="Create Dictionary" owner="BuiltIn">
<msg time="2026-04-13T21:49:21.406662" level="INFO">${body} = {'email': 'pmartins@example.org', 'password': 'teste'}</msg>
<var>${body}</var>
<arg>email=${EMAIL_TESTE}</arg>
<arg>password=teste</arg>
<doc>Creates and returns a dictionary based on the given ``items``.</doc>
<status status="PASS" start="2026-04-13T21:49:21.405643" elapsed="0.001019"/>
</kw>
<kw name="POST On Session" owner="RequestsLibrary">
<msg time="2026-04-13T21:49:21.634530" level="INFO">POST Request : url=https://compassuol.serverest.dev/login 
 path_url=/login 
 headers={'User-Agent': 'python-requests/2.32.5', 'Accept-Encoding': 'gzip, deflate', 'accept': 'application/json', 'Connection': 'keep-alive', 'Content-Type': 'application/json', 'Content-Length': '54'} 
 body=b'{"email": "pmartins@example.org", "password": "teste"}' 
 </msg>
<msg time="2026-04-13T21:49:21.635531" level="INFO">POST Response : url=https://compassuol.serverest.dev/login 
 status=200, reason=OK 
 headers={'access-control-allow-origin': '*', 'x-dns-prefetch-control': 'off', 'x-frame-options': 'SAMEORIGIN', 'strict-transport-security': 'max-age=15552000; includeSubDomains', 'x-download-options': 'noopen', 'x-content-type-options': 'nosniff', 'x-xss-protection': '1; mode=block', 'content-type': 'application/json; charset=utf-8', 'x-cloud-trace-context': '962c3efca14bf6e751b52350bcd423e5;o=1', 'date': 'Tue, 14 Apr 2026 00:49:22 GMT', 'server': 'Google Frontend', 'Content-Length': '275'} 
 body={
    "message": "Login realizado com sucesso",
    "authorization": "Bearer eyJhbGciOiJIUzI1NiIsInR5cCI6IkpXVCJ9.eyJlbWFpbCI6InBtYXJ0aW5zQGV4YW1wbGUub3JnIiwicGFzc3dvcmQiOiJ0ZXN0ZSIsImlhdCI6MTc3NjEyNzc2MiwiZXhwIjoxNzc2MTI4MzYyfQ.4NmbUTjyqRIDuaUmkf4BTlfHOMi0NEEgFqY0f-z-uoQ"
} 
 </msg>
<msg time="2026-04-13T21:49:21.635531" level="INFO">${resposta_login} = &lt;Response [200]&gt;</msg>
<var>${resposta_login}</var>
<arg>alias=CompassServerRest</arg>
<arg>url=login</arg>
<arg>json=${body}</arg>
<doc>Sends a POST request on a previously created HTTP Session.</doc>
<status status="PASS" start="2026-04-13T21:49:21.406662" elapsed="0.228869"/>
</kw>
<kw name="Dictionary Should Contain Item" owner="Collections">
<arg>${resposta_login.json()}</arg>
<arg>message</arg>
<arg>Login realizado com sucesso</arg>
<doc>An item of ``key`` / ``value`` must be found in a ``dictionary``.</doc>
<status status="PASS" start="2026-04-13T21:49:21.635531" elapsed="0.000998"/>
</kw>
<kw name="Set Test Variable" owner="BuiltIn">
<msg time="2026-04-13T21:49:21.637529" level="INFO">${TOKEN} = Bearer eyJhbGciOiJIUzI1NiIsInR5cCI6IkpXVCJ9.eyJlbWFpbCI6InBtYXJ0aW5zQGV4YW1wbGUub3JnIiwicGFzc3dvcmQiOiJ0ZXN0ZSIsImlhdCI6MTc3NjEyNzc2MiwiZXhwIjoxNzc2MTI4MzYyfQ.4NmbUTjyqRIDuaUmkf4BTlfHOMi0NEEgFqY0f-z-u...</msg>
<arg>${TOKEN}</arg>
<arg>${resposta_login.json()}[authorization]</arg>
<doc>Makes a variable available everywhere within the scope of the current test.</doc>
<status status="PASS" start="2026-04-13T21:49:21.636529" elapsed="0.001000"/>
</kw>
<status status="PASS" start="2026-04-13T21:49:21.405643" elapsed="0.231886"/>
</kw>
<kw name="Editar Usuario" owner="ServerRest_Resources">
<kw name="Gerar Nome Aleatorio" owner="ServerRest_Resources">
<kw name="Name" owner="FakerLibrary">
<msg time="2026-04-13T21:49:21.638529" level="INFO">${nome} = Gabrielly Albuquerque</msg>
<var>${nome}</var>
<doc>:example: 'John Doe'</doc>
<status status="PASS" start="2026-04-13T21:49:21.638529" elapsed="0.000000"/>
</kw>
<return>
<value>${nome}</value>
<status status="PASS" start="2026-04-13T21:49:21.638529" elapsed="0.000000"/>
</return>
<msg time="2026-04-13T21:49:21.638529" level="INFO">${nome} = Gabrielly Albuquerque</msg>
<var>${nome}</var>
<status status="PASS" start="2026-04-13T21:49:21.637529" elapsed="0.001000"/>
</kw>
<kw name="Create Dictionary" owner="BuiltIn">
<msg time="2026-04-13T21:49:21.638529" level="INFO">${body} = {'nome': 'Gabrielly Albuquerque Editado', 'email': 'pmartins@example.org', 'password': 'teste', 'administrador': 'true'}</msg>
<var>${body}</var>
<arg>nome=${nome} Editado</arg>
<arg>email=${EMAIL_TESTE}</arg>
<arg>password=teste</arg>
<arg>administrador=true</arg>
<doc>Creates and returns a dictionary based on the given ``items``.</doc>
<status status="PASS" start="2026-04-13T21:49:21.638529" elapsed="0.000000"/>
</kw>
<kw name="PUT On Session" owner="RequestsLibrary">
<msg time="2026-04-13T21:49:21.853427" level="INFO">PUT Request : url=https://compassuol.serverest.dev/usuarios/IOqUdw58IcaYqvyv 
 path_url=/usuarios/IOqUdw58IcaYqvyv 
 headers={'User-Agent': 'python-requests/2.32.5', 'Accept-Encoding': 'gzip, deflate', 'accept': 'application/json', 'Connection': 'keep-alive', 'Content-Type': 'application/json', 'Content-Length': '120'} 
 body=b'{"nome": "Gabrielly Albuquerque Editado", "email": "pmartins@example.org", "password": "teste", "administrador": "true"}' 
 </msg>
<msg time="2026-04-13T21:49:21.853427" level="INFO">PUT Response : url=https://compassuol.serverest.dev/usuarios/IOqUdw58IcaYqvyv 
 status=200, reason=OK 
 headers={'access-control-allow-origin': '*', 'x-dns-prefetch-control': 'off', 'x-frame-options': 'SAMEORIGIN', 'strict-transport-security': 'max-age=15552000; includeSubDomains', 'x-download-options': 'noopen', 'x-content-type-options': 'nosniff', 'x-xss-protection': '1; mode=block', 'content-type': 'application/json; charset=utf-8', 'x-cloud-trace-context': 'e6080e69ab451dee51b52350bcd42303', 'date': 'Tue, 14 Apr 2026 00:49:22 GMT', 'server': 'Google Frontend', 'Content-Length': '50'} 
 body={
    "message": "Registro alterado com sucesso"
} 
 </msg>
<msg time="2026-04-13T21:49:21.853427" level="INFO">${resposta_put} = &lt;Response [200]&gt;</msg>
<var>${resposta_put}</var>
<arg>alias=CompassServerRest</arg>
<arg>url=usuarios/${ID_USUARIO}</arg>
<arg>json=${body}</arg>
<doc>Sends a PUT request on a previously created HTTP Session.</doc>
<status status="PASS" start="2026-04-13T21:49:21.638529" elapsed="0.214898"/>
</kw>
<kw name="Dictionary Should Contain Item" owner="Collections">
<arg>${resposta_put.json()}</arg>
<arg>message</arg>
<arg>Registro alterado com sucesso</arg>
<doc>An item of ``key`` / ``value`` must be found in a ``dictionary``.</doc>
<status status="PASS" start="2026-04-13T21:49:21.853427" elapsed="0.001006"/>
</kw>
<status status="PASS" start="2026-04-13T21:49:21.637529" elapsed="0.216904"/>
</kw>
<kw name="Criar Produto Novo" owner="ServerRest_Resources">
<kw name="Gerar Nome Produto Aleatorio" owner="ServerRest_Resources">
<kw name="Catch Phrase" owner="FakerLibrary">
<msg time="2026-04-13T21:49:21.855429" level="INFO">${nome} = O direito de conseguir mais facilmente</msg>
<var>${nome}</var>
<doc>:example: 'a segurança de evoluir sem preocupação'</doc>
<status status="PASS" start="2026-04-13T21:49:21.855429" elapsed="0.000000"/>
</kw>
<kw name="Set Test Variable" owner="BuiltIn">
<msg time="2026-04-13T21:49:21.855429" level="INFO">${NOME_PRODUTO} = O direito de conseguir mais facilmente</msg>
<arg>${NOME_PRODUTO}</arg>
<arg>${nome}</arg>
<doc>Makes a variable available everywhere within the scope of the current test.</doc>
<status status="PASS" start="2026-04-13T21:49:21.855429" elapsed="0.000000"/>
</kw>
<status status="PASS" start="2026-04-13T21:49:21.855429" elapsed="0.000000"/>
</kw>
<status status="PASS" start="2026-04-13T21:49:21.854433" elapsed="0.000996"/>
</kw>
<kw name="Cadastrar Produto" owner="ServerRest_Resources">
<kw name="Create Dictionary" owner="BuiltIn">
<msg time="2026-04-13T21:49:21.856427" level="INFO">${headers} = {'Authorization': 'Bearer eyJhbGciOiJIUzI1NiIsInR5cCI6IkpXVCJ9.eyJlbWFpbCI6InBtYXJ0aW5zQGV4YW1wbGUub3JnIiwicGFzc3dvcmQiOiJ0ZXN0ZSIsImlhdCI6MTc3NjEyNzc2MiwiZXhwIjoxNzc2MTI4MzYyfQ.4NmbUTjyqRIDuaUmkf4BTl...</msg>
<var>${headers}</var>
<arg>Authorization=${TOKEN}</arg>
<doc>Creates and returns a dictionary based on the given ``items``.</doc>
<status status="PASS" start="2026-04-13T21:49:21.856427" elapsed="0.000000"/>
</kw>
<kw name="Create Dictionary" owner="BuiltIn">
<msg time="2026-04-13T21:49:21.856427" level="INFO">${body} = {'nome': 'O direito de conseguir mais facilmente', 'preco': '250', 'descricao': 'Produto criado via Robot', 'quantidade': '100'}</msg>
<var>${body}</var>
<arg>nome=${NOME_PRODUTO}</arg>
<arg>preco=250</arg>
<arg>descricao=Produto criado via Robot</arg>
<arg>quantidade=100</arg>
<doc>Creates and returns a dictionary based on the given ``items``.</doc>
<status status="PASS" start="2026-04-13T21:49:21.856427" elapsed="0.000000"/>
</kw>
<kw name="POST On Session" owner="RequestsLibrary">
<msg time="2026-04-13T21:49:22.167703" level="INFO">POST Request : url=https://compassuol.serverest.dev/produtos 
 path_url=/produtos 
 headers={'User-Agent': 'python-requests/2.32.5', 'Accept-Encoding': 'gzip, deflate', 'accept': 'application/json', 'Connection': 'keep-alive', 'Content-Type': 'application/json', 'Authorization': 'Bearer eyJhbGciOiJIUzI1NiIsInR5cCI6IkpXVCJ9.eyJlbWFpbCI6InBtYXJ0aW5zQGV4YW1wbGUub3JnIiwicGFzc3dvcmQiOiJ0ZXN0ZSIsImlhdCI6MTc3NjEyNzc2MiwiZXhwIjoxNzc2MTI4MzYyfQ.4NmbUTjyqRIDuaUmkf4BTlfHOMi0NEEgFqY0f-z-uoQ', 'Content-Length': '128'} 
 body=b'{"nome": "O direito de conseguir mais facilmente", "preco": "250", "descricao": "Produto criado via Robot", "quantidade": "100"}' 
 </msg>
<msg time="2026-04-13T21:49:22.167703" level="INFO">POST Response : url=https://compassuol.serverest.dev/produtos 
 status=201, reason=Created 
 headers={'access-control-allow-origin': '*', 'x-dns-prefetch-control': 'off', 'x-frame-options': 'SAMEORIGIN', 'strict-transport-security': 'max-age=15552000; includeSubDomains', 'x-download-options': 'noopen', 'x-content-type-options': 'nosniff', 'x-xss-protection': '1; mode=block', 'content-type': 'application/json; charset=utf-8', 'x-cloud-trace-context': '55feee170badb90851b52350bcd426e3', 'date': 'Tue, 14 Apr 2026 00:49:23 GMT', 'server': 'Google Frontend', 'Content-Length': '82'} 
 body={
    "message": "Cadastro realizado com sucesso",
    "_id": "zYlAQTquOOVeescF"
} 
 </msg>
<msg time="2026-04-13T21:49:22.167703" level="INFO">${resposta_produto} = &lt;Response [201]&gt;</msg>
<var>${resposta_produto}</var>
<arg>alias=CompassServerRest</arg>
<arg>url=produtos</arg>
<arg>json=${body}</arg>
<arg>headers=${headers}</arg>
<doc>Sends a POST request on a previously created HTTP Session.</doc>
<status status="PASS" start="2026-04-13T21:49:21.856427" elapsed="0.311276"/>
</kw>
<kw name="Dictionary Should Contain Item" owner="Collections">
<arg>${resposta_produto.json()}</arg>
<arg>message</arg>
<arg>Cadastro realizado com sucesso</arg>
<doc>An item of ``key`` / ``value`` must be found in a ``dictionary``.</doc>
<status status="PASS" start="2026-04-13T21:49:22.167703" elapsed="0.000000"/>
</kw>
<kw name="Set Test Variable" owner="BuiltIn">
<msg time="2026-04-13T21:49:22.168705" level="INFO">${ID_PRODUTO} = zYlAQTquOOVeescF</msg>
<arg>${ID_PRODUTO}</arg>
<arg>${resposta_produto.json()}[_id]</arg>
<doc>Makes a variable available everywhere within the scope of the current test.</doc>
<status status="PASS" start="2026-04-13T21:49:22.167703" elapsed="0.001002"/>
</kw>
<status status="PASS" start="2026-04-13T21:49:21.855429" elapsed="0.313276"/>
</kw>
<kw name="Listar Produto e verificar se deu certo" owner="ServerRest_Resources">
<kw name="GET On Session" owner="RequestsLibrary">
<msg time="2026-04-13T21:49:22.385940" level="INFO">GET Request : url=https://compassuol.serverest.dev/produtos/zYlAQTquOOVeescF 
 path_url=/produtos/zYlAQTquOOVeescF 
 headers={'User-Agent': 'python-requests/2.32.5', 'Accept-Encoding': 'gzip, deflate', 'accept': 'application/json', 'Connection': 'keep-alive', 'Content-Type': 'application/json'} 
 body=None 
 </msg>
<msg time="2026-04-13T21:49:22.385940" level="INFO">GET Response : url=https://compassuol.serverest.dev/produtos/zYlAQTquOOVeescF 
 status=200, reason=OK 
 headers={'access-control-allow-origin': '*', 'x-dns-prefetch-control': 'off', 'x-frame-options': 'SAMEORIGIN', 'strict-transport-security': 'max-age=15552000; includeSubDomains', 'x-download-options': 'noopen', 'x-content-type-options': 'nosniff', 'x-xss-protection': '1; mode=block', 'content-type': 'application/json; charset=utf-8', 'x-cloud-trace-context': 'e3b072261a23ded451b52350bcd426f0', 'date': 'Tue, 14 Apr 2026 00:49:23 GMT', 'server': 'Google Frontend', 'Content-Length': '173'} 
 body={
    "nome": "O direito de conseguir mais facilmente",
    "preco": 250,
    "descricao": "Produto criado via Robot",
    "quantidade": 100,
    "_id": "zYlAQTquOOVeescF"
} 
 </msg>
<msg time="2026-04-13T21:49:22.385940" level="INFO">${resposta_get} = &lt;Response [200]&gt;</msg>
<var>${resposta_get}</var>
<arg>alias=CompassServerRest</arg>
<arg>url=produtos/${ID_PRODUTO}</arg>
<doc>Sends a GET request on a previously created HTTP Session.</doc>
<status status="PASS" start="2026-04-13T21:49:22.169703" elapsed="0.217235"/>
</kw>
<kw name="Dictionary Should Contain Item" owner="Collections">
<arg>${resposta_get.json()}</arg>
<arg>nome</arg>
<arg>${NOME_PRODUTO}</arg>
<doc>An item of ``key`` / ``value`` must be found in a ``dictionary``.</doc>
<status status="PASS" start="2026-04-13T21:49:22.386938" elapsed="0.000999"/>
</kw>
<status status="PASS" start="2026-04-13T21:49:22.168705" elapsed="0.219232"/>
</kw>
<kw name="Editar Produto" owner="ServerRest_Resources">
<kw name="Create Dictionary" owner="BuiltIn">
<msg time="2026-04-13T21:49:22.390956" level="INFO">${headers} = {'Authorization': 'Bearer eyJhbGciOiJIUzI1NiIsInR5cCI6IkpXVCJ9.eyJlbWFpbCI6InBtYXJ0aW5zQGV4YW1wbGUub3JnIiwicGFzc3dvcmQiOiJ0ZXN0ZSIsImlhdCI6MTc3NjEyNzc2MiwiZXhwIjoxNzc2MTI4MzYyfQ.4NmbUTjyqRIDuaUmkf4BTl...</msg>
<var>${headers}</var>
<arg>Authorization=${TOKEN}</arg>
<doc>Creates and returns a dictionary based on the given ``items``.</doc>
<status status="PASS" start="2026-04-13T21:49:22.389937" elapsed="0.001019"/>
</kw>
<kw name="Create Dictionary" owner="BuiltIn">
<msg time="2026-04-13T21:49:22.391948" level="INFO">${body} = {'nome': 'O direito de conseguir mais facilmente Editado', 'preco': '300', 'descricao': 'Produto Editado via Robot', 'quantidade': '150'}</msg>
<var>${body}</var>
<arg>nome=${NOME_PRODUTO} Editado</arg>
<arg>preco=300</arg>
<arg>descricao=Produto Editado via Robot</arg>
<arg>quantidade=150</arg>
<doc>Creates and returns a dictionary based on the given ``items``.</doc>
<status status="PASS" start="2026-04-13T21:49:22.390956" elapsed="0.000992"/>
</kw>
<kw name="PUT On Session" owner="RequestsLibrary">
<msg time="2026-04-13T21:49:22.610570" level="INFO">PUT Request : url=https://compassuol.serverest.dev/produtos/zYlAQTquOOVeescF 
 path_url=/produtos/zYlAQTquOOVeescF 
 headers={'User-Agent': 'python-requests/2.32.5', 'Accept-Encoding': 'gzip, deflate', 'accept': 'application/json', 'Connection': 'keep-alive', 'Content-Type': 'application/json', 'Authorization': 'Bearer eyJhbGciOiJIUzI1NiIsInR5cCI6IkpXVCJ9.eyJlbWFpbCI6InBtYXJ0aW5zQGV4YW1wbGUub3JnIiwicGFzc3dvcmQiOiJ0ZXN0ZSIsImlhdCI6MTc3NjEyNzc2MiwiZXhwIjoxNzc2MTI4MzYyfQ.4NmbUTjyqRIDuaUmkf4BTlfHOMi0NEEgFqY0f-z-uoQ', 'Content-Length': '137'} 
 body=b'{"nome": "O direito de conseguir mais facilmente Editado", "preco": "300", "descricao": "Produto Editado via Robot", "quantidade": "150"}' 
 </msg>
<msg time="2026-04-13T21:49:22.610570" level="INFO">PUT Response : url=https://compassuol.serverest.dev/produtos/zYlAQTquOOVeescF 
 status=200, reason=OK 
 headers={'access-control-allow-origin': '*', 'x-dns-prefetch-control': 'off', 'x-frame-options': 'SAMEORIGIN', 'strict-transport-security': 'max-age=15552000; includeSubDomains', 'x-download-options': 'noopen', 'x-content-type-options': 'nosniff', 'x-xss-protection': '1; mode=block', 'content-type': 'application/json; charset=utf-8', 'x-cloud-trace-context': '2f0478e145ac17f051b52350bcd42ad0', 'date': 'Tue, 14 Apr 2026 00:49:23 GMT', 'server': 'Google Frontend', 'Content-Length': '50'} 
 body={
    "message": "Registro alterado com sucesso"
} 
 </msg>
<msg time="2026-04-13T21:49:22.611568" level="INFO">${resposta_put} = &lt;Response [200]&gt;</msg>
<var>${resposta_put}</var>
<arg>alias=CompassServerRest</arg>
<arg>url=produtos/${ID_PRODUTO}</arg>
<arg>json=${body}</arg>
<arg>headers=${headers}</arg>
<doc>Sends a PUT request on a previously created HTTP Session.</doc>
<status status="PASS" start="2026-04-13T21:49:22.391948" elapsed="0.219620"/>
</kw>
<kw name="Dictionary Should Contain Item" owner="Collections">
<arg>${resposta_put.json()}</arg>
<arg>message</arg>
<arg>Registro alterado com sucesso</arg>
<doc>An item of ``key`` / ``value`` must be found in a ``dictionary``.</doc>
<status status="PASS" start="2026-04-13T21:49:22.611568" elapsed="0.001002"/>
</kw>
<status status="PASS" start="2026-04-13T21:49:22.389937" elapsed="0.222633"/>
</kw>
<kw name="Excluir Produto" owner="ServerRest_Resources">
<kw name="Create Dictionary" owner="BuiltIn">
<msg time="2026-04-13T21:49:22.613570" level="INFO">${headers} = {'Authorization': 'Bearer eyJhbGciOiJIUzI1NiIsInR5cCI6IkpXVCJ9.eyJlbWFpbCI6InBtYXJ0aW5zQGV4YW1wbGUub3JnIiwicGFzc3dvcmQiOiJ0ZXN0ZSIsImlhdCI6MTc3NjEyNzc2MiwiZXhwIjoxNzc2MTI4MzYyfQ.4NmbUTjyqRIDuaUmkf4BTl...</msg>
<var>${headers}</var>
<arg>Authorization=${TOKEN}</arg>
<doc>Creates and returns a dictionary based on the given ``items``.</doc>
<status status="PASS" start="2026-04-13T21:49:22.613570" elapsed="0.000000"/>
</kw>
<kw name="DELETE On Session" owner="RequestsLibrary">
<msg time="2026-04-13T21:49:22.852935" level="INFO">DELETE Request : url=https://compassuol.serverest.dev/produtos/zYlAQTquOOVeescF 
 path_url=/produtos/zYlAQTquOOVeescF 
 headers={'User-Agent': 'python-requests/2.32.5', 'Accept-Encoding': 'gzip, deflate', 'accept': 'application/json', 'Connection': 'keep-alive', 'Content-Type': 'application/json', 'Authorization': 'Bearer eyJhbGciOiJIUzI1NiIsInR5cCI6IkpXVCJ9.eyJlbWFpbCI6InBtYXJ0aW5zQGV4YW1wbGUub3JnIiwicGFzc3dvcmQiOiJ0ZXN0ZSIsImlhdCI6MTc3NjEyNzc2MiwiZXhwIjoxNzc2MTI4MzYyfQ.4NmbUTjyqRIDuaUmkf4BTlfHOMi0NEEgFqY0f-z-uoQ', 'Content-Length': '0'} 
 body=None 
 </msg>
<msg time="2026-04-13T21:49:22.852935" level="INFO">DELETE Response : url=https://compassuol.serverest.dev/produtos/zYlAQTquOOVeescF 
 status=200, reason=OK 
 headers={'access-control-allow-origin': '*', 'x-dns-prefetch-control': 'off', 'x-frame-options': 'SAMEORIGIN', 'strict-transport-security': 'max-age=15552000; includeSubDomains', 'x-download-options': 'noopen', 'x-content-type-options': 'nosniff', 'x-xss-protection': '1; mode=block', 'content-type': 'application/json; charset=utf-8', 'x-cloud-trace-context': 'b8012eb415b64ebc51b52350bcd4269e', 'date': 'Tue, 14 Apr 2026 00:49:23 GMT', 'server': 'Google Frontend', 'Content-Length': '51'} 
 body={
    "message": "Registro excluído com sucesso"
} 
 </msg>
<msg time="2026-04-13T21:49:22.853936" level="INFO">${resposta_del} = &lt;Response [200]&gt;</msg>
<var>${resposta_del}</var>
<arg>alias=CompassServerRest</arg>
<arg>url=produtos/${ID_PRODUTO}</arg>
<arg>headers=${headers}</arg>
<doc>Sends a DELETE request on a previously created HTTP Session.</doc>
<status status="PASS" start="2026-04-13T21:49:22.613570" elapsed="0.240366"/>
</kw>
<kw name="Dictionary Should Contain Item" owner="Collections">
<arg>${resposta_del.json()}</arg>
<arg>message</arg>
<arg>Registro excluído com sucesso</arg>
<doc>An item of ``key`` / ``value`` must be found in a ``dictionary``.</doc>
<status status="PASS" start="2026-04-13T21:49:22.853936" elapsed="0.000997"/>
</kw>
<status status="PASS" start="2026-04-13T21:49:22.612570" elapsed="0.242363"/>
</kw>
<kw name="Criar Carrinho Novo" owner="ServerRest_Resources">
<kw name="Criar Produto Novo" owner="ServerRest_Resources">
<kw name="Gerar Nome Produto Aleatorio" owner="ServerRest_Resources">
<kw name="Catch Phrase" owner="FakerLibrary">
<msg time="2026-04-13T21:49:22.856758" level="INFO">${nome} = A arte de conseguir em estado puro</msg>
<var>${nome}</var>
<doc>:example: 'a segurança de evoluir sem preocupação'</doc>
<status status="PASS" start="2026-04-13T21:49:22.855715" elapsed="0.001043"/>
</kw>
<kw name="Set Test Variable" owner="BuiltIn">
<msg time="2026-04-13T21:49:22.856758" level="INFO">${NOME_PRODUTO} = A arte de conseguir em estado puro</msg>
<arg>${NOME_PRODUTO}</arg>
<arg>${nome}</arg>
<doc>Makes a variable available everywhere within the scope of the current test.</doc>
<status status="PASS" start="2026-04-13T21:49:22.856758" elapsed="0.000000"/>
</kw>
<status status="PASS" start="2026-04-13T21:49:22.855715" elapsed="0.001043"/>
</kw>
<status status="PASS" start="2026-04-13T21:49:22.855715" elapsed="0.001043"/>
</kw>
<kw name="Cadastrar Produto" owner="ServerRest_Resources">
<kw name="Create Dictionary" owner="BuiltIn">
<msg time="2026-04-13T21:49:22.857762" level="INFO">${headers} = {'Authorization': 'Bearer eyJhbGciOiJIUzI1NiIsInR5cCI6IkpXVCJ9.eyJlbWFpbCI6InBtYXJ0aW5zQGV4YW1wbGUub3JnIiwicGFzc3dvcmQiOiJ0ZXN0ZSIsImlhdCI6MTc3NjEyNzc2MiwiZXhwIjoxNzc2MTI4MzYyfQ.4NmbUTjyqRIDuaUmkf4BTl...</msg>
<var>${headers}</var>
<arg>Authorization=${TOKEN}</arg>
<doc>Creates and returns a dictionary based on the given ``items``.</doc>
<status status="PASS" start="2026-04-13T21:49:22.857762" elapsed="0.000000"/>
</kw>
<kw name="Create Dictionary" owner="BuiltIn">
<msg time="2026-04-13T21:49:22.857762" level="INFO">${body} = {'nome': 'A arte de conseguir em estado puro', 'preco': '250', 'descricao': 'Produto criado via Robot', 'quantidade': '100'}</msg>
<var>${body}</var>
<arg>nome=${NOME_PRODUTO}</arg>
<arg>preco=250</arg>
<arg>descricao=Produto criado via Robot</arg>
<arg>quantidade=100</arg>
<doc>Creates and returns a dictionary based on the given ``items``.</doc>
<status status="PASS" start="2026-04-13T21:49:22.857762" elapsed="0.000000"/>
</kw>
<kw name="POST On Session" owner="RequestsLibrary">
<msg time="2026-04-13T21:49:23.086243" level="INFO">POST Request : url=https://compassuol.serverest.dev/produtos 
 path_url=/produtos 
 headers={'User-Agent': 'python-requests/2.32.5', 'Accept-Encoding': 'gzip, deflate', 'accept': 'application/json', 'Connection': 'keep-alive', 'Content-Type': 'application/json', 'Authorization': 'Bearer eyJhbGciOiJIUzI1NiIsInR5cCI6IkpXVCJ9.eyJlbWFpbCI6InBtYXJ0aW5zQGV4YW1wbGUub3JnIiwicGFzc3dvcmQiOiJ0ZXN0ZSIsImlhdCI6MTc3NjEyNzc2MiwiZXhwIjoxNzc2MTI4MzYyfQ.4NmbUTjyqRIDuaUmkf4BTlfHOMi0NEEgFqY0f-z-uoQ', 'Content-Length': '124'} 
 body=b'{"nome": "A arte de conseguir em estado puro", "preco": "250", "descricao": "Produto criado via Robot", "quantidade": "100"}' 
 </msg>
<msg time="2026-04-13T21:49:23.086243" level="INFO">POST Response : url=https://compassuol.serverest.dev/produtos 
 status=201, reason=Created 
 headers={'access-control-allow-origin': '*', 'x-dns-prefetch-control': 'off', 'x-frame-options': 'SAMEORIGIN', 'strict-transport-security': 'max-age=15552000; includeSubDomains', 'x-download-options': 'noopen', 'x-content-type-options': 'nosniff', 'x-xss-protection': '1; mode=block', 'content-type': 'application/json; charset=utf-8', 'x-cloud-trace-context': '839773bedde0907a51b52350bcd429b3', 'date': 'Tue, 14 Apr 2026 00:49:24 GMT', 'server': 'Google Frontend', 'Content-Length': '82'} 
 body={
    "message": "Cadastro realizado com sucesso",
    "_id": "ML01qEqdmAuDEXhz"
} 
 </msg>
<msg time="2026-04-13T21:49:23.086243" level="INFO">${resposta_produto} = &lt;Response [201]&gt;</msg>
<var>${resposta_produto}</var>
<arg>alias=CompassServerRest</arg>
<arg>url=produtos</arg>
<arg>json=${body}</arg>
<arg>headers=${headers}</arg>
<doc>Sends a POST request on a previously created HTTP Session.</doc>
<status status="PASS" start="2026-04-13T21:49:22.857762" elapsed="0.228481"/>
</kw>
<kw name="Dictionary Should Contain Item" owner="Collections">
<arg>${resposta_produto.json()}</arg>
<arg>message</arg>
<arg>Cadastro realizado com sucesso</arg>
<doc>An item of ``key`` / ``value`` must be found in a ``dictionary``.</doc>
<status status="PASS" start="2026-04-13T21:49:23.087238" elapsed="0.000000"/>
</kw>
<kw name="Set Test Variable" owner="BuiltIn">
<msg time="2026-04-13T21:49:23.088244" level="INFO">${ID_PRODUTO} = ML01qEqdmAuDEXhz</msg>
<arg>${ID_PRODUTO}</arg>
<arg>${resposta_produto.json()}[_id]</arg>
<doc>Makes a variable available everywhere within the scope of the current test.</doc>
<status status="PASS" start="2026-04-13T21:49:23.087238" elapsed="0.001006"/>
</kw>
<status status="PASS" start="2026-04-13T21:49:22.856758" elapsed="0.231486"/>
</kw>
<status status="PASS" start="2026-04-13T21:49:22.855715" elapsed="0.232529"/>
</kw>
<kw name="Cadastrar Carrinho" owner="ServerRest_Resources">
<kw name="Create Dictionary" owner="BuiltIn">
<msg time="2026-04-13T21:49:23.089240" level="INFO">${headers} = {'Authorization': 'Bearer eyJhbGciOiJIUzI1NiIsInR5cCI6IkpXVCJ9.eyJlbWFpbCI6InBtYXJ0aW5zQGV4YW1wbGUub3JnIiwicGFzc3dvcmQiOiJ0ZXN0ZSIsImlhdCI6MTc3NjEyNzc2MiwiZXhwIjoxNzc2MTI4MzYyfQ.4NmbUTjyqRIDuaUmkf4BTl...</msg>
<var>${headers}</var>
<arg>Authorization=${TOKEN}</arg>
<doc>Creates and returns a dictionary based on the given ``items``.</doc>
<status status="PASS" start="2026-04-13T21:49:23.089240" elapsed="0.000000"/>
</kw>
<kw name="Create Dictionary" owner="BuiltIn">
<msg time="2026-04-13T21:49:23.090250" level="INFO">${produto_dict} = {'idProduto': 'ML01qEqdmAuDEXhz', 'quantidade': '2'}</msg>
<var>${produto_dict}</var>
<arg>idProduto=${ID_PRODUTO}</arg>
<arg>quantidade=2</arg>
<doc>Creates and returns a dictionary based on the given ``items``.</doc>
<status status="PASS" start="2026-04-13T21:49:23.089240" elapsed="0.001010"/>
</kw>
<kw name="Create List" owner="BuiltIn">
<msg time="2026-04-13T21:49:23.090250" level="INFO">${lista_produtos} = [{'idProduto': 'ML01qEqdmAuDEXhz', 'quantidade': '2'}]</msg>
<var>${lista_produtos}</var>
<arg>${produto_dict}</arg>
<doc>Returns a list containing given items.</doc>
<status status="PASS" start="2026-04-13T21:49:23.090250" elapsed="0.000000"/>
</kw>
<kw name="Create Dictionary" owner="BuiltIn">
<msg time="2026-04-13T21:49:23.090250" level="INFO">${body} = {'produtos': [{'idProduto': 'ML01qEqdmAuDEXhz', 'quantidade': '2'}]}</msg>
<var>${body}</var>
<arg>produtos=${lista_produtos}</arg>
<doc>Creates and returns a dictionary based on the given ``items``.</doc>
<status status="PASS" start="2026-04-13T21:49:23.090250" elapsed="0.000000"/>
</kw>
<kw name="POST On Session" owner="RequestsLibrary">
<msg time="2026-04-13T21:49:23.329122" level="INFO">POST Request : url=https://compassuol.serverest.dev/carrinhos 
 path_url=/carrinhos 
 headers={'User-Agent': 'python-requests/2.32.5', 'Accept-Encoding': 'gzip, deflate', 'accept': 'application/json', 'Connection': 'keep-alive', 'Content-Type': 'application/json', 'Authorization': 'Bearer eyJhbGciOiJIUzI1NiIsInR5cCI6IkpXVCJ9.eyJlbWFpbCI6InBtYXJ0aW5zQGV4YW1wbGUub3JnIiwicGFzc3dvcmQiOiJ0ZXN0ZSIsImlhdCI6MTc3NjEyNzc2MiwiZXhwIjoxNzc2MTI4MzYyfQ.4NmbUTjyqRIDuaUmkf4BTlfHOMi0NEEgFqY0f-z-uoQ', 'Content-Length': '68'} 
 body=b'{"produtos": [{"idProduto": "ML01qEqdmAuDEXhz", "quantidade": "2"}]}' 
 </msg>
<msg time="2026-04-13T21:49:23.330134" level="INFO">POST Response : url=https://compassuol.serverest.dev/carrinhos 
 status=201, reason=Created 
 headers={'access-control-allow-origin': '*', 'x-dns-prefetch-control': 'off', 'x-frame-options': 'SAMEORIGIN', 'strict-transport-security': 'max-age=15552000; includeSubDomains', 'x-download-options': 'noopen', 'x-content-type-options': 'nosniff', 'x-xss-protection': '1; mode=block', 'content-type': 'application/json; charset=utf-8', 'x-cloud-trace-context': 'de34cdde3bf1ba9451b52350bcd42806', 'date': 'Tue, 14 Apr 2026 00:49:24 GMT', 'server': 'Google Frontend', 'Content-Length': '82'} 
 body={
    "message": "Cadastro realizado com sucesso",
    "_id": "ufn7hPhdqsZHwaj2"
} 
 </msg>
<msg time="2026-04-13T21:49:23.330134" level="INFO">${resposta_carrinho} = &lt;Response [201]&gt;</msg>
<var>${resposta_carrinho}</var>
<arg>alias=CompassServerRest</arg>
<arg>url=carrinhos</arg>
<arg>json=${body}</arg>
<arg>headers=${headers}</arg>
<doc>Sends a POST request on a previously created HTTP Session.</doc>
<status status="PASS" start="2026-04-13T21:49:23.090250" elapsed="0.239884"/>
</kw>
<kw name="Dictionary Should Contain Item" owner="Collections">
<arg>${resposta_carrinho.json()}</arg>
<arg>message</arg>
<arg>Cadastro realizado com sucesso</arg>
<doc>An item of ``key`` / ``value`` must be found in a ``dictionary``.</doc>
<status status="PASS" start="2026-04-13T21:49:23.330134" elapsed="0.001903"/>
</kw>
<kw name="Set Test Variable" owner="BuiltIn">
<msg time="2026-04-13T21:49:23.333100" level="INFO">${ID_CARRINHO} = ufn7hPhdqsZHwaj2</msg>
<arg>${ID_CARRINHO}</arg>
<arg>${resposta_carrinho.json()}[_id]</arg>
<doc>Makes a variable available everywhere within the scope of the current test.</doc>
<status status="PASS" start="2026-04-13T21:49:23.332037" elapsed="0.001063"/>
</kw>
<status status="PASS" start="2026-04-13T21:49:23.089240" elapsed="0.243860"/>
</kw>
<kw name="Listar Carrinho por ID e verificar se deu certo" owner="ServerRest_Resources">
<kw name="GET On Session" owner="RequestsLibrary">
<msg time="2026-04-13T21:49:23.542253" level="INFO">GET Request : url=https://compassuol.serverest.dev/carrinhos/ufn7hPhdqsZHwaj2 
 path_url=/carrinhos/ufn7hPhdqsZHwaj2 
 headers={'User-Agent': 'python-requests/2.32.5', 'Accept-Encoding': 'gzip, deflate', 'accept': 'application/json', 'Connection': 'keep-alive', 'Content-Type': 'application/json'} 
 body=None 
 </msg>
<msg time="2026-04-13T21:49:23.542253" level="INFO">GET Response : url=https://compassuol.serverest.dev/carrinhos/ufn7hPhdqsZHwaj2 
 status=200, reason=OK 
 headers={'access-control-allow-origin': '*', 'x-dns-prefetch-control': 'off', 'x-frame-options': 'SAMEORIGIN', 'strict-transport-security': 'max-age=15552000; includeSubDomains', 'x-download-options': 'noopen', 'x-content-type-options': 'nosniff', 'x-xss-protection': '1; mode=block', 'content-type': 'application/json; charset=utf-8', 'x-cloud-trace-context': '16a17a5b7a1d36a151b52350bcd42f36', 'date': 'Tue, 14 Apr 2026 00:49:24 GMT', 'server': 'Google Frontend', 'Content-Length': '276'} 
 body={
    "produtos": [
        {
            "idProduto": "ML01qEqdmAuDEXhz",
            "quantidade": "2",
            "precoUnitario": 250
        }
    ],
    "precoTotal": 500,
    "quantidadeTotal": "02",
    "idUsuario": "IOqUdw58IcaYqvyv",
    "_id": "ufn7hPhdqsZHwaj2"
} 
 </msg>
<msg time="2026-04-13T21:49:23.542253" level="INFO">${resposta_get} = &lt;Response [200]&gt;</msg>
<var>${resposta_get}</var>
<arg>alias=CompassServerRest</arg>
<arg>url=carrinhos/${ID_CARRINHO}</arg>
<doc>Sends a GET request on a previously created HTTP Session.</doc>
<status status="PASS" start="2026-04-13T21:49:23.334098" elapsed="0.208155"/>
</kw>
<kw name="Dictionary Should Contain Key" owner="Collections">
<arg>${resposta_get.json()}</arg>
<arg>_id</arg>
<doc>Fails if ``key`` is not found from ``dictionary``.</doc>
<status status="PASS" start="2026-04-13T21:49:23.542253" elapsed="0.000999"/>
</kw>
<status status="PASS" start="2026-04-13T21:49:23.334098" elapsed="0.209154"/>
</kw>
<kw name="Excluir Carrinho" owner="ServerRest_Resources">
<kw name="Create Dictionary" owner="BuiltIn">
<msg time="2026-04-13T21:49:23.545253" level="INFO">${headers} = {'Authorization': 'Bearer eyJhbGciOiJIUzI1NiIsInR5cCI6IkpXVCJ9.eyJlbWFpbCI6InBtYXJ0aW5zQGV4YW1wbGUub3JnIiwicGFzc3dvcmQiOiJ0ZXN0ZSIsImlhdCI6MTc3NjEyNzc2MiwiZXhwIjoxNzc2MTI4MzYyfQ.4NmbUTjyqRIDuaUmkf4BTl...</msg>
<var>${headers}</var>
<arg>Authorization=${TOKEN}</arg>
<doc>Creates and returns a dictionary based on the given ``items``.</doc>
<status status="PASS" start="2026-04-13T21:49:23.545253" elapsed="0.000000"/>
</kw>
<kw name="DELETE On Session" owner="RequestsLibrary">
<msg time="2026-04-13T21:49:23.779524" level="INFO">DELETE Request : url=https://compassuol.serverest.dev/carrinhos/cancelar-compra 
 path_url=/carrinhos/cancelar-compra 
 headers={'User-Agent': 'python-requests/2.32.5', 'Accept-Encoding': 'gzip, deflate', 'accept': 'application/json', 'Connection': 'keep-alive', 'Content-Type': 'application/json', 'Authorization': 'Bearer eyJhbGciOiJIUzI1NiIsInR5cCI6IkpXVCJ9.eyJlbWFpbCI6InBtYXJ0aW5zQGV4YW1wbGUub3JnIiwicGFzc3dvcmQiOiJ0ZXN0ZSIsImlhdCI6MTc3NjEyNzc2MiwiZXhwIjoxNzc2MTI4MzYyfQ.4NmbUTjyqRIDuaUmkf4BTlfHOMi0NEEgFqY0f-z-uoQ', 'Content-Length': '0'} 
 body=None 
 </msg>
<msg time="2026-04-13T21:49:23.779524" level="INFO">DELETE Response : url=https://compassuol.serverest.dev/carrinhos/cancelar-compra 
 status=200, reason=OK 
 headers={'access-control-allow-origin': '*', 'x-dns-prefetch-control': 'off', 'x-frame-options': 'SAMEORIGIN', 'strict-transport-security': 'max-age=15552000; includeSubDomains', 'x-download-options': 'noopen', 'x-content-type-options': 'nosniff', 'x-xss-protection': '1; mode=block', 'content-type': 'application/json; charset=utf-8', 'x-cloud-trace-context': 'b7949d0aa8f3106e51b52350bcd42642', 'date': 'Tue, 14 Apr 2026 00:49:24 GMT', 'server': 'Google Frontend', 'Content-Length': '86'} 
 body={
    "message": "Registro excluído com sucesso. Estoque dos produtos reabastecido"
} 
 </msg>
<msg time="2026-04-13T21:49:23.779524" level="INFO">${resposta_del} = &lt;Response [200]&gt;</msg>
<var>${resposta_del}</var>
<arg>alias=CompassServerRest</arg>
<arg>url=carrinhos/cancelar-compra</arg>
<arg>headers=${headers}</arg>
<doc>Sends a DELETE request on a previously created HTTP Session.</doc>
<status status="PASS" start="2026-04-13T21:49:23.545253" elapsed="0.234271"/>
</kw>
<kw name="Run Keyword And Continue On Failure" owner="BuiltIn">
<kw name="Dictionary Should Contain Item" owner="Collections">
<msg time="2026-04-13T21:49:23.782874" level="FAIL">Value of dictionary key 'message' does not match: Registro excluído com sucesso. Estoque dos produtos reabastecido != Registro excluído com sucesso.</msg>
<arg>${resposta_del.json()}</arg>
<arg>message</arg>
<arg>Registro excluído com sucesso.</arg>
<doc>An item of ``key`` / ``value`` must be found in a ``dictionary``.</doc>
<status status="FAIL" start="2026-04-13T21:49:23.780523" elapsed="0.002351">Value of dictionary key 'message' does not match: Registro excluído com sucesso. Estoque dos produtos reabastecido != Registro excluído com sucesso.</status>
</kw>
<arg>Dictionary Should Contain Item</arg>
<arg>${resposta_del.json()}</arg>
<arg>message</arg>
<arg>Registro excluído com sucesso.</arg>
<doc>Runs the keyword and continues execution even if a failure occurs.</doc>
<status status="FAIL" start="2026-04-13T21:49:23.780523" elapsed="0.002351">Value of dictionary key 'message' does not match: Registro excluído com sucesso. Estoque dos produtos reabastecido != Registro excluído com sucesso.</status>
</kw>
<status status="FAIL" start="2026-04-13T21:49:23.544251" elapsed="0.238623">Value of dictionary key 'message' does not match: Registro excluído com sucesso. Estoque dos produtos reabastecido != Registro excluído com sucesso.</status>
</kw>
<kw name="Excluir Usuario" owner="ServerRest_Resources">
<kw name="DELETE On Session" owner="RequestsLibrary">
<msg time="2026-04-13T21:49:23.999739" level="INFO">DELETE Request : url=https://compassuol.serverest.dev/usuarios/IOqUdw58IcaYqvyv 
 path_url=/usuarios/IOqUdw58IcaYqvyv 
 headers={'User-Agent': 'python-requests/2.32.5', 'Accept-Encoding': 'gzip, deflate', 'accept': 'application/json', 'Connection': 'keep-alive', 'Content-Type': 'application/json', 'Content-Length': '0'} 
 body=None 
 </msg>
<msg time="2026-04-13T21:49:23.999739" level="INFO">DELETE Response : url=https://compassuol.serverest.dev/usuarios/IOqUdw58IcaYqvyv 
 status=200, reason=OK 
 headers={'access-control-allow-origin': '*', 'x-dns-prefetch-control': 'off', 'x-frame-options': 'SAMEORIGIN', 'strict-transport-security': 'max-age=15552000; includeSubDomains', 'x-download-options': 'noopen', 'x-content-type-options': 'nosniff', 'x-xss-protection': '1; mode=block', 'content-type': 'application/json; charset=utf-8', 'x-cloud-trace-context': 'a483ac71516b140851b52350bcd42d4e', 'date': 'Tue, 14 Apr 2026 00:49:25 GMT', 'server': 'Google Frontend', 'Content-Length': '51'} 
 body={
    "message": "Registro excluído com sucesso"
} 
 </msg>
<msg time="2026-04-13T21:49:23.999739" level="INFO">${resposta_del} = &lt;Response [200]&gt;</msg>
<var>${resposta_del}</var>
<arg>alias=CompassServerRest</arg>
<arg>url=usuarios/${ID_USUARIO}</arg>
<doc>Sends a DELETE request on a previously created HTTP Session.</doc>
<status status="PASS" start="2026-04-13T21:49:23.783877" elapsed="0.215862"/>
</kw>
<kw name="Dictionary Should Contain Item" owner="Collections">
<arg>${resposta_del.json()}</arg>
<arg>message</arg>
<arg>Registro excluído com sucesso</arg>
<doc>An item of ``key`` / ``value`` must be found in a ``dictionary``.</doc>
<status status="PASS" start="2026-04-13T21:49:23.999739" elapsed="0.001010"/>
</kw>
<status status="PASS" start="2026-04-13T21:49:23.783877" elapsed="0.216872"/>
</kw>
<doc>Realizar um happy path para testar todas as funcionalidades baiscas da API.
Resultado esperado: 200 | 201.</doc>
<tag>adm</tag>
<tag>bug</tag>
<tag>carrinho</tag>
<tag>delete</tag>
<tag>get</tag>
<tag>login</tag>
<tag>post</tag>
<tag>produto</tag>
<tag>put</tag>
<tag>usuarios</tag>
<status status="FAIL" start="2026-04-13T21:49:10.429040" elapsed="13.572707">Value of dictionary key 'message' does not match: Registro excluído com sucesso. Estoque dos produtos reabastecido != Registro excluído com sucesso.</status>
</test>
<doc>Essa suite testa o site compassuol.serverest.dev</doc>
<status status="FAIL" start="2026-04-13T21:49:09.935165" elapsed="14.067582"/>
</suite>
<suite id="s1-s1-s1-s1-s1-s2" name="ServerRest testes CARRINHO" source="C:\Users\IgorHerculanoSilva\Desktop\Learning\Repositorio inicial\AWS---AI-for-Softaware-Quality-Engineering---Fase-1---2\Fase 2\Sprint 2\Semana 4\TestingServerRest\ServerRest_testes_CARRINHO.robot">
<test id="s1-s1-s1-s1-s1-s2-t1" name="CT-01 Validar regra de negocio: Limite de um carrinho por usuario" line="8">
<kw name="Criar Sessão na ServerRest" owner="ServerRest_Resources">
<kw name="Create Dictionary" owner="BuiltIn">
<msg time="2026-04-13T21:49:24.012462" level="INFO">${headers} = {'accept': 'application/json', 'Content-Type': 'application/json'}</msg>
<var>${headers}</var>
<arg>accept=application/json</arg>
<arg>Content-Type=application/json</arg>
<doc>Creates and returns a dictionary based on the given ``items``.</doc>
<status status="PASS" start="2026-04-13T21:49:24.012462" elapsed="0.000000"/>
</kw>
<kw name="Create Session" owner="RequestsLibrary">
<msg time="2026-04-13T21:49:24.012462" level="INFO">Creating Session using : alias=CompassServerRest, url=https://compassuol.serverest.dev/, headers={'accept': 'application/json', 'Content-Type': 'application/json'},                     cookies={}, auth=None, timeout=None, proxies=None, verify=False,                     debug=0 </msg>
<arg>alias=CompassServerRest</arg>
<arg>url=${URL}</arg>
<arg>headers=${headers}</arg>
<doc>Create Session: create a HTTP session to a server</doc>
<status status="PASS" start="2026-04-13T21:49:24.012462" elapsed="0.000000"/>
</kw>
<status status="PASS" start="2026-04-13T21:49:24.011456" elapsed="0.001006"/>
</kw>
<kw name="Criar Usuario Novo Aleatorio" owner="ServerRest_Resources">
<kw name="Gerar Email Aleatorio" owner="ServerRest_Resources">
<kw name="Email" owner="FakerLibrary">
<msg time="2026-04-13T21:49:24.013462" level="INFO">${email} = jose-miguelsilveira@example.com</msg>
<var>${email}</var>
<status status="PASS" start="2026-04-13T21:49:24.013462" elapsed="0.000000"/>
</kw>
<kw name="Set Test Variable" owner="BuiltIn">
<msg time="2026-04-13T21:49:24.013462" level="INFO">${EMAIL_TESTE} = jose-miguelsilveira@example.com</msg>
<arg>${EMAIL_TESTE}</arg>
<arg>${email}</arg>
<doc>Makes a variable available everywhere within the scope of the current test.</doc>
<status status="PASS" start="2026-04-13T21:49:24.013462" elapsed="0.000000"/>
</kw>
<status status="PASS" start="2026-04-13T21:49:24.013462" elapsed="0.001000"/>
</kw>
<status status="PASS" start="2026-04-13T21:49:24.012462" elapsed="0.002000"/>
</kw>
<kw name="Cadastrar Usuario ADM" owner="ServerRest_Resources">
<kw name="Gerar Nome Aleatorio" owner="ServerRest_Resources">
<kw name="Name" owner="FakerLibrary">
<msg time="2026-04-13T21:49:24.015184" level="INFO">${nome} = Maria Fernanda Fonseca</msg>
<var>${nome}</var>
<doc>:example: 'John Doe'</doc>
<status status="PASS" start="2026-04-13T21:49:24.015184" elapsed="0.000000"/>
</kw>
<return>
<value>${nome}</value>
<status status="PASS" start="2026-04-13T21:49:24.015184" elapsed="0.000000"/>
</return>
<msg time="2026-04-13T21:49:24.015184" level="INFO">${nome} = Maria Fernanda Fonseca</msg>
<var>${nome}</var>
<status status="PASS" start="2026-04-13T21:49:24.014462" elapsed="0.000722"/>
</kw>
<kw name="Create Dictionary" owner="BuiltIn">
<msg time="2026-04-13T21:49:24.016213" level="INFO">${body} = {'nome': 'Maria Fernanda Fonseca', 'email': 'jose-miguelsilveira@example.com', 'password': 'teste', 'administrador': 'true'}</msg>
<var>${body}</var>
<arg>nome=${nome}</arg>
<arg>email=${EMAIL_TESTE}</arg>
<arg>password=teste</arg>
<arg>administrador=true</arg>
<doc>Creates and returns a dictionary based on the given ``items``.</doc>
<status status="PASS" start="2026-04-13T21:49:24.015184" elapsed="0.001029"/>
</kw>
<kw name="POST On Session" owner="RequestsLibrary">
<msg time="2026-04-13T21:49:24.544136" level="INFO">POST Request : url=https://compassuol.serverest.dev/usuarios 
 path_url=/usuarios 
 headers={'User-Agent': 'python-requests/2.32.5', 'Accept-Encoding': 'gzip, deflate', 'accept': 'application/json', 'Connection': 'keep-alive', 'Content-Type': 'application/json', 'Content-Length': '124'} 
 body=b'{"nome": "Maria Fernanda Fonseca", "email": "jose-miguelsilveira@example.com", "password": "teste", "administrador": "true"}' 
 </msg>
<msg time="2026-04-13T21:49:24.545134" level="INFO">POST Response : url=https://compassuol.serverest.dev/usuarios 
 status=201, reason=Created 
 headers={'access-control-allow-origin': '*', 'x-dns-prefetch-control': 'off', 'x-frame-options': 'SAMEORIGIN', 'strict-transport-security': 'max-age=15552000; includeSubDomains', 'x-download-options': 'noopen', 'x-content-type-options': 'nosniff', 'x-xss-protection': '1; mode=block', 'content-type': 'application/json; charset=utf-8', 'x-cloud-trace-context': '3f9783046b40206851b52350bcd42556', 'date': 'Tue, 14 Apr 2026 00:49:25 GMT', 'server': 'Google Frontend', 'Content-Length': '82'} 
 body={
    "message": "Cadastro realizado com sucesso",
    "_id": "3NouepdcaNP5Qka4"
} 
 </msg>
<msg time="2026-04-13T21:49:24.545134" level="INFO">${resposta} = &lt;Response [201]&gt;</msg>
<var>${resposta}</var>
<arg>alias=CompassServerRest</arg>
<arg>url=usuarios</arg>
<arg>json=${body}</arg>
<doc>Sends a POST request on a previously created HTTP Session.</doc>
<status status="PASS" start="2026-04-13T21:49:24.016213" elapsed="0.528921"/>
</kw>
<kw name="Set Test Variable" owner="BuiltIn">
<msg time="2026-04-13T21:49:24.547133" level="INFO">${RESPOSTA} = {'message': 'Cadastro realizado com sucesso', '_id': '3NouepdcaNP5Qka4'}</msg>
<arg>${RESPOSTA}</arg>
<arg>${resposta.json()}</arg>
<doc>Makes a variable available everywhere within the scope of the current test.</doc>
<status status="PASS" start="2026-04-13T21:49:24.545134" elapsed="0.001999"/>
</kw>
<status status="PASS" start="2026-04-13T21:49:24.014462" elapsed="0.532671"/>
</kw>
<kw name="Realizar Login" owner="ServerRest_Resources">
<kw name="Create Dictionary" owner="BuiltIn">
<msg time="2026-04-13T21:49:24.548444" level="INFO">${body} = {'email': 'jose-miguelsilveira@example.com', 'password': 'teste'}</msg>
<var>${body}</var>
<arg>email=${EMAIL_TESTE}</arg>
<arg>password=teste</arg>
<doc>Creates and returns a dictionary based on the given ``items``.</doc>
<status status="PASS" start="2026-04-13T21:49:24.548444" elapsed="0.000000"/>
</kw>
<kw name="POST On Session" owner="RequestsLibrary">
<msg time="2026-04-13T21:49:24.760224" level="INFO">POST Request : url=https://compassuol.serverest.dev/login 
 path_url=/login 
 headers={'User-Agent': 'python-requests/2.32.5', 'Accept-Encoding': 'gzip, deflate', 'accept': 'application/json', 'Connection': 'keep-alive', 'Content-Type': 'application/json', 'Content-Length': '65'} 
 body=b'{"email": "jose-miguelsilveira@example.com", "password": "teste"}' 
 </msg>
<msg time="2026-04-13T21:49:24.760224" level="INFO">POST Response : url=https://compassuol.serverest.dev/login 
 status=200, reason=OK 
 headers={'access-control-allow-origin': '*', 'x-dns-prefetch-control': 'off', 'x-frame-options': 'SAMEORIGIN', 'strict-transport-security': 'max-age=15552000; includeSubDomains', 'x-download-options': 'noopen', 'x-content-type-options': 'nosniff', 'x-xss-protection': '1; mode=block', 'content-type': 'application/json; charset=utf-8', 'x-cloud-trace-context': '2c03624e13fecbad51b52350bcd42ec3', 'date': 'Tue, 14 Apr 2026 00:49:25 GMT', 'server': 'Google Frontend', 'Content-Length': '289'} 
 body={
    "message": "Login realizado com sucesso",
    "authorization": "Bearer eyJhbGciOiJIUzI1NiIsInR5cCI6IkpXVCJ9.eyJlbWFpbCI6Impvc2UtbWlndWVsc2lsdmVpcmFAZXhhbXBsZS5jb20iLCJwYXNzd29yZCI6InRlc3RlIiwiaWF0IjoxNzc2MTI3NzY1LCJleHAiOjE3NzYxMjgzNjV9.dP5QNryl7LQEDlRKLZY9JraLPV7dbk630ScJoiXfuxY"
} 
 </msg>
<msg time="2026-04-13T21:49:24.761224" level="INFO">${resposta_login} = &lt;Response [200]&gt;</msg>
<var>${resposta_login}</var>
<arg>alias=CompassServerRest</arg>
<arg>url=login</arg>
<arg>json=${body}</arg>
<doc>Sends a POST request on a previously created HTTP Session.</doc>
<status status="PASS" start="2026-04-13T21:49:24.548444" elapsed="0.212780"/>
</kw>
<kw name="Dictionary Should Contain Item" owner="Collections">
<arg>${resposta_login.json()}</arg>
<arg>message</arg>
<arg>Login realizado com sucesso</arg>
<doc>An item of ``key`` / ``value`` must be found in a ``dictionary``.</doc>
<status status="PASS" start="2026-04-13T21:49:24.761224" elapsed="0.001002"/>
</kw>
<kw name="Set Test Variable" owner="BuiltIn">
<msg time="2026-04-13T21:49:24.762226" level="INFO">${TOKEN} = Bearer eyJhbGciOiJIUzI1NiIsInR5cCI6IkpXVCJ9.eyJlbWFpbCI6Impvc2UtbWlndWVsc2lsdmVpcmFAZXhhbXBsZS5jb20iLCJwYXNzd29yZCI6InRlc3RlIiwiaWF0IjoxNzc2MTI3NzY1LCJleHAiOjE3NzYxMjgzNjV9.dP5QNryl7LQEDlRKLZY9JraLPV7...</msg>
<arg>${TOKEN}</arg>
<arg>${resposta_login.json()}[authorization]</arg>
<doc>Makes a variable available everywhere within the scope of the current test.</doc>
<status status="PASS" start="2026-04-13T21:49:24.762226" elapsed="0.000000"/>
</kw>
<status status="PASS" start="2026-04-13T21:49:24.547133" elapsed="0.215093"/>
</kw>
<kw name="Criar Produto Novo" owner="ServerRest_Resources">
<kw name="Gerar Nome Produto Aleatorio" owner="ServerRest_Resources">
<kw name="Catch Phrase" owner="FakerLibrary">
<msg time="2026-04-13T21:49:24.765596" level="INFO">${nome} = O direito de concretizar seus projetos de maneira eficaz</msg>
<var>${nome}</var>
<doc>:example: 'a segurança de evoluir sem preocupação'</doc>
<status status="PASS" start="2026-04-13T21:49:24.764227" elapsed="0.001369"/>
</kw>
<kw name="Set Test Variable" owner="BuiltIn">
<msg time="2026-04-13T21:49:24.765596" level="INFO">${NOME_PRODUTO} = O direito de concretizar seus projetos de maneira eficaz</msg>
<arg>${NOME_PRODUTO}</arg>
<arg>${nome}</arg>
<doc>Makes a variable available everywhere within the scope of the current test.</doc>
<status status="PASS" start="2026-04-13T21:49:24.765596" elapsed="0.000000"/>
</kw>
<status status="PASS" start="2026-04-13T21:49:24.764227" elapsed="0.001369"/>
</kw>
<status status="PASS" start="2026-04-13T21:49:24.763226" elapsed="0.002370"/>
</kw>
<kw name="Cadastrar Produto" owner="ServerRest_Resources">
<kw name="Create Dictionary" owner="BuiltIn">
<msg time="2026-04-13T21:49:24.766633" level="INFO">${headers} = {'Authorization': 'Bearer eyJhbGciOiJIUzI1NiIsInR5cCI6IkpXVCJ9.eyJlbWFpbCI6Impvc2UtbWlndWVsc2lsdmVpcmFAZXhhbXBsZS5jb20iLCJwYXNzd29yZCI6InRlc3RlIiwiaWF0IjoxNzc2MTI3NzY1LCJleHAiOjE3NzYxMjgzNjV9.dP5QNryl...</msg>
<var>${headers}</var>
<arg>Authorization=${TOKEN}</arg>
<doc>Creates and returns a dictionary based on the given ``items``.</doc>
<status status="PASS" start="2026-04-13T21:49:24.766633" elapsed="0.000998"/>
</kw>
<kw name="Create Dictionary" owner="BuiltIn">
<msg time="2026-04-13T21:49:24.767631" level="INFO">${body} = {'nome': 'O direito de concretizar seus projetos de maneira eficaz', 'preco': '250', 'descricao': 'Produto criado via Robot', 'quantidade': '100'}</msg>
<var>${body}</var>
<arg>nome=${NOME_PRODUTO}</arg>
<arg>preco=250</arg>
<arg>descricao=Produto criado via Robot</arg>
<arg>quantidade=100</arg>
<doc>Creates and returns a dictionary based on the given ``items``.</doc>
<status status="PASS" start="2026-04-13T21:49:24.767631" elapsed="0.000000"/>
</kw>
<kw name="POST On Session" owner="RequestsLibrary">
<msg time="2026-04-13T21:49:24.986083" level="INFO">POST Request : url=https://compassuol.serverest.dev/produtos 
 path_url=/produtos 
 headers={'User-Agent': 'python-requests/2.32.5', 'Accept-Encoding': 'gzip, deflate', 'accept': 'application/json', 'Connection': 'keep-alive', 'Content-Type': 'application/json', 'Authorization': 'Bearer eyJhbGciOiJIUzI1NiIsInR5cCI6IkpXVCJ9.eyJlbWFpbCI6Impvc2UtbWlndWVsc2lsdmVpcmFAZXhhbXBsZS5jb20iLCJwYXNzd29yZCI6InRlc3RlIiwiaWF0IjoxNzc2MTI3NzY1LCJleHAiOjE3NzYxMjgzNjV9.dP5QNryl7LQEDlRKLZY9JraLPV7dbk630ScJoiXfuxY', 'Content-Length': '146'} 
 body=b'{"nome": "O direito de concretizar seus projetos de maneira eficaz", "preco": "250", "descricao": "Produto criado via Robot", "quantidade": "100"}' 
 </msg>
<msg time="2026-04-13T21:49:24.986083" level="INFO">POST Response : url=https://compassuol.serverest.dev/produtos 
 status=201, reason=Created 
 headers={'access-control-allow-origin': '*', 'x-dns-prefetch-control': 'off', 'x-frame-options': 'SAMEORIGIN', 'strict-transport-security': 'max-age=15552000; includeSubDomains', 'x-download-options': 'noopen', 'x-content-type-options': 'nosniff', 'x-xss-protection': '1; mode=block', 'content-type': 'application/json; charset=utf-8', 'x-cloud-trace-context': '9a20dffc7c0723ae51b52350bcd42b5c', 'date': 'Tue, 14 Apr 2026 00:49:26 GMT', 'server': 'Google Frontend', 'Content-Length': '82'} 
 body={
    "message": "Cadastro realizado com sucesso",
    "_id": "ic2kxp9QebkDBr7N"
} 
 </msg>
<msg time="2026-04-13T21:49:24.986083" level="INFO">${resposta_produto} = &lt;Response [201]&gt;</msg>
<var>${resposta_produto}</var>
<arg>alias=CompassServerRest</arg>
<arg>url=produtos</arg>
<arg>json=${body}</arg>
<arg>headers=${headers}</arg>
<doc>Sends a POST request on a previously created HTTP Session.</doc>
<status status="PASS" start="2026-04-13T21:49:24.767631" elapsed="0.218452"/>
</kw>
<kw name="Dictionary Should Contain Item" owner="Collections">
<arg>${resposta_produto.json()}</arg>
<arg>message</arg>
<arg>Cadastro realizado com sucesso</arg>
<doc>An item of ``key`` / ``value`` must be found in a ``dictionary``.</doc>
<status status="PASS" start="2026-04-13T21:49:24.987082" elapsed="0.001002"/>
</kw>
<kw name="Set Test Variable" owner="BuiltIn">
<msg time="2026-04-13T21:49:24.989085" level="INFO">${ID_PRODUTO} = ic2kxp9QebkDBr7N</msg>
<arg>${ID_PRODUTO}</arg>
<arg>${resposta_produto.json()}[_id]</arg>
<doc>Makes a variable available everywhere within the scope of the current test.</doc>
<status status="PASS" start="2026-04-13T21:49:24.988084" elapsed="0.001001"/>
</kw>
<status status="PASS" start="2026-04-13T21:49:24.766633" elapsed="0.222452"/>
</kw>
<kw name="Criar Carrinho Novo" owner="ServerRest_Resources">
<kw name="Criar Produto Novo" owner="ServerRest_Resources">
<kw name="Gerar Nome Produto Aleatorio" owner="ServerRest_Resources">
<kw name="Catch Phrase" owner="FakerLibrary">
<msg time="2026-04-13T21:49:24.991083" level="INFO">${nome} = O poder de realizar seus sonhos com força total</msg>
<var>${nome}</var>
<doc>:example: 'a segurança de evoluir sem preocupação'</doc>
<status status="PASS" start="2026-04-13T21:49:24.990081" elapsed="0.001002"/>
</kw>
<kw name="Set Test Variable" owner="BuiltIn">
<msg time="2026-04-13T21:49:24.991083" level="INFO">${NOME_PRODUTO} = O poder de realizar seus sonhos com força total</msg>
<arg>${NOME_PRODUTO}</arg>
<arg>${nome}</arg>
<doc>Makes a variable available everywhere within the scope of the current test.</doc>
<status status="PASS" start="2026-04-13T21:49:24.991083" elapsed="0.000000"/>
</kw>
<status status="PASS" start="2026-04-13T21:49:24.990081" elapsed="0.001002"/>
</kw>
<status status="PASS" start="2026-04-13T21:49:24.990081" elapsed="0.001002"/>
</kw>
<kw name="Cadastrar Produto" owner="ServerRest_Resources">
<kw name="Create Dictionary" owner="BuiltIn">
<msg time="2026-04-13T21:49:24.992081" level="INFO">${headers} = {'Authorization': 'Bearer eyJhbGciOiJIUzI1NiIsInR5cCI6IkpXVCJ9.eyJlbWFpbCI6Impvc2UtbWlndWVsc2lsdmVpcmFAZXhhbXBsZS5jb20iLCJwYXNzd29yZCI6InRlc3RlIiwiaWF0IjoxNzc2MTI3NzY1LCJleHAiOjE3NzYxMjgzNjV9.dP5QNryl...</msg>
<var>${headers}</var>
<arg>Authorization=${TOKEN}</arg>
<doc>Creates and returns a dictionary based on the given ``items``.</doc>
<status status="PASS" start="2026-04-13T21:49:24.991083" elapsed="0.000998"/>
</kw>
<kw name="Create Dictionary" owner="BuiltIn">
<msg time="2026-04-13T21:49:24.992081" level="INFO">${body} = {'nome': 'O poder de realizar seus sonhos com força total', 'preco': '250', 'descricao': 'Produto criado via Robot', 'quantidade': '100'}</msg>
<var>${body}</var>
<arg>nome=${NOME_PRODUTO}</arg>
<arg>preco=250</arg>
<arg>descricao=Produto criado via Robot</arg>
<arg>quantidade=100</arg>
<doc>Creates and returns a dictionary based on the given ``items``.</doc>
<status status="PASS" start="2026-04-13T21:49:24.992081" elapsed="0.000000"/>
</kw>
<kw name="POST On Session" owner="RequestsLibrary">
<msg time="2026-04-13T21:49:25.205175" level="INFO">POST Request : url=https://compassuol.serverest.dev/produtos 
 path_url=/produtos 
 headers={'User-Agent': 'python-requests/2.32.5', 'Accept-Encoding': 'gzip, deflate', 'accept': 'application/json', 'Connection': 'keep-alive', 'Content-Type': 'application/json', 'Authorization': 'Bearer eyJhbGciOiJIUzI1NiIsInR5cCI6IkpXVCJ9.eyJlbWFpbCI6Impvc2UtbWlndWVsc2lsdmVpcmFAZXhhbXBsZS5jb20iLCJwYXNzd29yZCI6InRlc3RlIiwiaWF0IjoxNzc2MTI3NzY1LCJleHAiOjE3NzYxMjgzNjV9.dP5QNryl7LQEDlRKLZY9JraLPV7dbk630ScJoiXfuxY', 'Content-Length': '142'} 
 body=b'{"nome": "O poder de realizar seus sonhos com for\\u00e7a total", "preco": "250", "descricao": "Produto criado via Robot", "quantidade": "100"}' 
 </msg>
<msg time="2026-04-13T21:49:25.206176" level="INFO">POST Response : url=https://compassuol.serverest.dev/produtos 
 status=201, reason=Created 
 headers={'access-control-allow-origin': '*', 'x-dns-prefetch-control': 'off', 'x-frame-options': 'SAMEORIGIN', 'strict-transport-security': 'max-age=15552000; includeSubDomains', 'x-download-options': 'noopen', 'x-content-type-options': 'nosniff', 'x-xss-protection': '1; mode=block', 'content-type': 'application/json; charset=utf-8', 'x-cloud-trace-context': 'd6c34c398fa2731851b52350bcd4272a', 'date': 'Tue, 14 Apr 2026 00:49:26 GMT', 'server': 'Google Frontend', 'Content-Length': '82'} 
 body={
    "message": "Cadastro realizado com sucesso",
    "_id": "UHDU5d5du0su8CG0"
} 
 </msg>
<msg time="2026-04-13T21:49:25.206176" level="INFO">${resposta_produto} = &lt;Response [201]&gt;</msg>
<var>${resposta_produto}</var>
<arg>alias=CompassServerRest</arg>
<arg>url=produtos</arg>
<arg>json=${body}</arg>
<arg>headers=${headers}</arg>
<doc>Sends a POST request on a previously created HTTP Session.</doc>
<status status="PASS" start="2026-04-13T21:49:24.992081" elapsed="0.214095"/>
</kw>
<kw name="Dictionary Should Contain Item" owner="Collections">
<arg>${resposta_produto.json()}</arg>
<arg>message</arg>
<arg>Cadastro realizado com sucesso</arg>
<doc>An item of ``key`` / ``value`` must be found in a ``dictionary``.</doc>
<status status="PASS" start="2026-04-13T21:49:25.206176" elapsed="0.001001"/>
</kw>
<kw name="Set Test Variable" owner="BuiltIn">
<msg time="2026-04-13T21:49:25.208175" level="INFO">${ID_PRODUTO} = UHDU5d5du0su8CG0</msg>
<arg>${ID_PRODUTO}</arg>
<arg>${resposta_produto.json()}[_id]</arg>
<doc>Makes a variable available everywhere within the scope of the current test.</doc>
<status status="PASS" start="2026-04-13T21:49:25.207177" elapsed="0.000998"/>
</kw>
<status status="PASS" start="2026-04-13T21:49:24.991083" elapsed="0.217092"/>
</kw>
<status status="PASS" start="2026-04-13T21:49:24.990081" elapsed="0.218094"/>
</kw>
<kw name="Cadastrar Carrinho" owner="ServerRest_Resources">
<kw name="Create Dictionary" owner="BuiltIn">
<msg time="2026-04-13T21:49:25.210176" level="INFO">${headers} = {'Authorization': 'Bearer eyJhbGciOiJIUzI1NiIsInR5cCI6IkpXVCJ9.eyJlbWFpbCI6Impvc2UtbWlndWVsc2lsdmVpcmFAZXhhbXBsZS5jb20iLCJwYXNzd29yZCI6InRlc3RlIiwiaWF0IjoxNzc2MTI3NzY1LCJleHAiOjE3NzYxMjgzNjV9.dP5QNryl...</msg>
<var>${headers}</var>
<arg>Authorization=${TOKEN}</arg>
<doc>Creates and returns a dictionary based on the given ``items``.</doc>
<status status="PASS" start="2026-04-13T21:49:25.209176" elapsed="0.001000"/>
</kw>
<kw name="Create Dictionary" owner="BuiltIn">
<msg time="2026-04-13T21:49:25.210176" level="INFO">${produto_dict} = {'idProduto': 'UHDU5d5du0su8CG0', 'quantidade': '2'}</msg>
<var>${produto_dict}</var>
<arg>idProduto=${ID_PRODUTO}</arg>
<arg>quantidade=2</arg>
<doc>Creates and returns a dictionary based on the given ``items``.</doc>
<status status="PASS" start="2026-04-13T21:49:25.210176" elapsed="0.000000"/>
</kw>
<kw name="Create List" owner="BuiltIn">
<msg time="2026-04-13T21:49:25.211173" level="INFO">${lista_produtos} = [{'idProduto': 'UHDU5d5du0su8CG0', 'quantidade': '2'}]</msg>
<var>${lista_produtos}</var>
<arg>${produto_dict}</arg>
<doc>Returns a list containing given items.</doc>
<status status="PASS" start="2026-04-13T21:49:25.211173" elapsed="0.000000"/>
</kw>
<kw name="Create Dictionary" owner="BuiltIn">
<msg time="2026-04-13T21:49:25.211173" level="INFO">${body} = {'produtos': [{'idProduto': 'UHDU5d5du0su8CG0', 'quantidade': '2'}]}</msg>
<var>${body}</var>
<arg>produtos=${lista_produtos}</arg>
<doc>Creates and returns a dictionary based on the given ``items``.</doc>
<status status="PASS" start="2026-04-13T21:49:25.211173" elapsed="0.000000"/>
</kw>
<kw name="POST On Session" owner="RequestsLibrary">
<msg time="2026-04-13T21:49:25.444808" level="INFO">POST Request : url=https://compassuol.serverest.dev/carrinhos 
 path_url=/carrinhos 
 headers={'User-Agent': 'python-requests/2.32.5', 'Accept-Encoding': 'gzip, deflate', 'accept': 'application/json', 'Connection': 'keep-alive', 'Content-Type': 'application/json', 'Authorization': 'Bearer eyJhbGciOiJIUzI1NiIsInR5cCI6IkpXVCJ9.eyJlbWFpbCI6Impvc2UtbWlndWVsc2lsdmVpcmFAZXhhbXBsZS5jb20iLCJwYXNzd29yZCI6InRlc3RlIiwiaWF0IjoxNzc2MTI3NzY1LCJleHAiOjE3NzYxMjgzNjV9.dP5QNryl7LQEDlRKLZY9JraLPV7dbk630ScJoiXfuxY', 'Content-Length': '68'} 
 body=b'{"produtos": [{"idProduto": "UHDU5d5du0su8CG0", "quantidade": "2"}]}' 
 </msg>
<msg time="2026-04-13T21:49:25.444808" level="INFO">POST Response : url=https://compassuol.serverest.dev/carrinhos 
 status=201, reason=Created 
 headers={'access-control-allow-origin': '*', 'x-dns-prefetch-control': 'off', 'x-frame-options': 'SAMEORIGIN', 'strict-transport-security': 'max-age=15552000; includeSubDomains', 'x-download-options': 'noopen', 'x-content-type-options': 'nosniff', 'x-xss-protection': '1; mode=block', 'content-type': 'application/json; charset=utf-8', 'x-cloud-trace-context': '73faed9f102e409651b52350bcd4231c', 'date': 'Tue, 14 Apr 2026 00:49:26 GMT', 'server': 'Google Frontend', 'Content-Length': '82'} 
 body={
    "message": "Cadastro realizado com sucesso",
    "_id": "UWLqXDc34p3RVY3d"
} 
 </msg>
<msg time="2026-04-13T21:49:25.444808" level="INFO">${resposta_carrinho} = &lt;Response [201]&gt;</msg>
<var>${resposta_carrinho}</var>
<arg>alias=CompassServerRest</arg>
<arg>url=carrinhos</arg>
<arg>json=${body}</arg>
<arg>headers=${headers}</arg>
<doc>Sends a POST request on a previously created HTTP Session.</doc>
<status status="PASS" start="2026-04-13T21:49:25.211173" elapsed="0.233635"/>
</kw>
<kw name="Dictionary Should Contain Item" owner="Collections">
<arg>${resposta_carrinho.json()}</arg>
<arg>message</arg>
<arg>Cadastro realizado com sucesso</arg>
<doc>An item of ``key`` / ``value`` must be found in a ``dictionary``.</doc>
<status status="PASS" start="2026-04-13T21:49:25.445805" elapsed="0.000998"/>
</kw>
<kw name="Set Test Variable" owner="BuiltIn">
<msg time="2026-04-13T21:49:25.447804" level="INFO">${ID_CARRINHO} = UWLqXDc34p3RVY3d</msg>
<arg>${ID_CARRINHO}</arg>
<arg>${resposta_carrinho.json()}[_id]</arg>
<doc>Makes a variable available everywhere within the scope of the current test.</doc>
<status status="PASS" start="2026-04-13T21:49:25.446803" elapsed="0.001001"/>
</kw>
<status status="PASS" start="2026-04-13T21:49:25.209176" elapsed="0.238628"/>
</kw>
<kw name="Tentar cadastrar um segundo carrinho para o mesmo usuario" owner="ServerRest_Resources_carrinho">
<kw name="Create Dictionary" owner="BuiltIn">
<msg time="2026-04-13T21:49:25.449582" level="INFO">${produto} = {'idProduto': 'UHDU5d5du0su8CG0', 'quantidade': '1'}</msg>
<var>${produto}</var>
<arg>idProduto=${ID_PRODUTO}</arg>
<arg>quantidade=1</arg>
<doc>Creates and returns a dictionary based on the given ``items``.</doc>
<status status="PASS" start="2026-04-13T21:49:25.449582" elapsed="0.000000"/>
</kw>
<kw name="Create List" owner="BuiltIn">
<msg time="2026-04-13T21:49:25.450579" level="INFO">${lista_produtos} = [{'idProduto': 'UHDU5d5du0su8CG0', 'quantidade': '1'}]</msg>
<var>${lista_produtos}</var>
<arg>${produto}</arg>
<doc>Returns a list containing given items.</doc>
<status status="PASS" start="2026-04-13T21:49:25.449582" elapsed="0.000997"/>
</kw>
<kw name="Create Dictionary" owner="BuiltIn">
<msg time="2026-04-13T21:49:25.450579" level="INFO">${body} = {'produtos': [{'idProduto': 'UHDU5d5du0su8CG0', 'quantidade': '1'}]}</msg>
<var>${body}</var>
<arg>produtos=${lista_produtos}</arg>
<doc>Creates and returns a dictionary based on the given ``items``.</doc>
<status status="PASS" start="2026-04-13T21:49:25.450579" elapsed="0.000000"/>
</kw>
<kw name="Create Dictionary" owner="BuiltIn">
<msg time="2026-04-13T21:49:25.451580" level="INFO">${headers} = {'Authorization': 'Bearer eyJhbGciOiJIUzI1NiIsInR5cCI6IkpXVCJ9.eyJlbWFpbCI6Impvc2UtbWlndWVsc2lsdmVpcmFAZXhhbXBsZS5jb20iLCJwYXNzd29yZCI6InRlc3RlIiwiaWF0IjoxNzc2MTI3NzY1LCJleHAiOjE3NzYxMjgzNjV9.dP5QNryl...</msg>
<var>${headers}</var>
<arg>Authorization=${TOKEN}</arg>
<doc>Creates and returns a dictionary based on the given ``items``.</doc>
<status status="PASS" start="2026-04-13T21:49:25.450579" elapsed="0.001001"/>
</kw>
<kw name="POST On Session" owner="RequestsLibrary">
<msg time="2026-04-13T21:49:25.680197" level="INFO">POST Request : url=https://compassuol.serverest.dev/carrinhos 
 path_url=/carrinhos 
 headers={'User-Agent': 'python-requests/2.32.5', 'Accept-Encoding': 'gzip, deflate', 'accept': 'application/json', 'Connection': 'keep-alive', 'Content-Type': 'application/json', 'Authorization': 'Bearer eyJhbGciOiJIUzI1NiIsInR5cCI6IkpXVCJ9.eyJlbWFpbCI6Impvc2UtbWlndWVsc2lsdmVpcmFAZXhhbXBsZS5jb20iLCJwYXNzd29yZCI6InRlc3RlIiwiaWF0IjoxNzc2MTI3NzY1LCJleHAiOjE3NzYxMjgzNjV9.dP5QNryl7LQEDlRKLZY9JraLPV7dbk630ScJoiXfuxY', 'Content-Length': '68'} 
 body=b'{"produtos": [{"idProduto": "UHDU5d5du0su8CG0", "quantidade": "1"}]}' 
 </msg>
<msg time="2026-04-13T21:49:25.680197" level="INFO">POST Response : url=https://compassuol.serverest.dev/carrinhos 
 status=400, reason=Bad Request 
 headers={'access-control-allow-origin': '*', 'x-dns-prefetch-control': 'off', 'x-frame-options': 'SAMEORIGIN', 'strict-transport-security': 'max-age=15552000; includeSubDomains', 'x-download-options': 'noopen', 'x-content-type-options': 'nosniff', 'x-xss-protection': '1; mode=block', 'content-type': 'application/json; charset=utf-8', 'x-cloud-trace-context': 'c7ac929ca0d3ef7251b52350bcd42fd9', 'date': 'Tue, 14 Apr 2026 00:49:26 GMT', 'server': 'Google Frontend', 'Content-Length': '61'} 
 body={
    "message": "Não é permitido ter mais de 1 carrinho"
} 
 </msg>
<msg time="2026-04-13T21:49:25.680197" level="INFO">${resposta_errada} = &lt;Response [400]&gt;</msg>
<var>${resposta_errada}</var>
<arg>alias=CompassServerRest</arg>
<arg>url=carrinhos</arg>
<arg>json=${body}</arg>
<arg>headers=${headers}</arg>
<arg>expected_status=any</arg>
<doc>Sends a POST request on a previously created HTTP Session.</doc>
<status status="PASS" start="2026-04-13T21:49:25.451580" elapsed="0.228617"/>
</kw>
<kw name="Set Test Variable" owner="BuiltIn">
<msg time="2026-04-13T21:49:25.681721" level="INFO">${RESPOSTA_ERRO} = &lt;Response [400]&gt;</msg>
<arg>${RESPOSTA_ERRO}</arg>
<arg>${resposta_errada}</arg>
<doc>Makes a variable available everywhere within the scope of the current test.</doc>
<status status="PASS" start="2026-04-13T21:49:25.680197" elapsed="0.001524"/>
</kw>
<status status="PASS" start="2026-04-13T21:49:25.448443" elapsed="0.233278"/>
</kw>
<kw name="Validar status code 400 e mensagem de limite de carrinho" owner="ServerRest_Resources_carrinho">
<kw name="Should Be Equal As Integers" owner="BuiltIn">
<msg time="2026-04-13T21:49:25.683140" level="INFO">Argument types are:
&lt;class 'int'&gt;
&lt;class 'str'&gt;</msg>
<arg>${RESPOSTA_ERRO.status_code}</arg>
<arg>400</arg>
<doc>Fails if objects are unequal after converting them to integers.</doc>
<status status="PASS" start="2026-04-13T21:49:25.683140" elapsed="0.000000"/>
</kw>
<kw name="Run Keyword And Continue On Failure" owner="BuiltIn">
<kw name="Dictionary Should Contain Item" owner="Collections">
<arg>${RESPOSTA_ERRO.json()}</arg>
<arg>message</arg>
<arg>Não é permitido ter mais de 1 carrinho</arg>
<doc>An item of ``key`` / ``value`` must be found in a ``dictionary``.</doc>
<status status="PASS" start="2026-04-13T21:49:25.684155" elapsed="0.000000"/>
</kw>
<arg>Dictionary Should Contain Item</arg>
<arg>${RESPOSTA_ERRO.json()}</arg>
<arg>message</arg>
<arg>Não é permitido ter mais de 1 carrinho</arg>
<doc>Runs the keyword and continues execution even if a failure occurs.</doc>
<status status="PASS" start="2026-04-13T21:49:25.684155" elapsed="0.000000"/>
</kw>
<status status="PASS" start="2026-04-13T21:49:25.681721" elapsed="0.002434"/>
</kw>
<doc>Garantir que o sistema bloqueie a criação de um segundo carrinho para um usuário que já possui um ativo.
Resultado esperado: Status 400 Bad Request.</doc>
<tag>business_rule</tag>
<tag>carrinho</tag>
<tag>errors</tag>
<status status="PASS" start="2026-04-13T21:49:24.011456" elapsed="1.672699"/>
</test>
<test id="s1-s1-s1-s1-s1-s2-t2" name="CT-02 Validar regra de negocio: Bloqueio de estoque insuficiente" line="24">
<kw name="Criar produto com estoque limitado" owner="ServerRest_Resources_carrinho">
<kw name="Criar Sessão na ServerRest" owner="ServerRest_Resources">
<kw name="Create Dictionary" owner="BuiltIn">
<msg time="2026-04-13T21:49:25.686155" level="INFO">${headers} = {'accept': 'application/json', 'Content-Type': 'application/json'}</msg>
<var>${headers}</var>
<arg>accept=application/json</arg>
<arg>Content-Type=application/json</arg>
<doc>Creates and returns a dictionary based on the given ``items``.</doc>
<status status="PASS" start="2026-04-13T21:49:25.686155" elapsed="0.000000"/>
</kw>
<kw name="Create Session" owner="RequestsLibrary">
<msg time="2026-04-13T21:49:25.686155" level="INFO">Creating Session using : alias=CompassServerRest, url=https://compassuol.serverest.dev/, headers={'accept': 'application/json', 'Content-Type': 'application/json'},                     cookies={}, auth=None, timeout=None, proxies=None, verify=False,                     debug=0 </msg>
<arg>alias=CompassServerRest</arg>
<arg>url=${URL}</arg>
<arg>headers=${headers}</arg>
<doc>Create Session: create a HTTP session to a server</doc>
<status status="PASS" start="2026-04-13T21:49:25.686155" elapsed="0.000000"/>
</kw>
<status status="PASS" start="2026-04-13T21:49:25.685148" elapsed="0.001007"/>
</kw>
<kw name="Criar Usuario Novo Aleatorio" owner="ServerRest_Resources">
<kw name="Gerar Email Aleatorio" owner="ServerRest_Resources">
<kw name="Email" owner="FakerLibrary">
<msg time="2026-04-13T21:49:25.686155" level="INFO">${email} = vrezende@example.org</msg>
<var>${email}</var>
<status status="PASS" start="2026-04-13T21:49:25.686155" elapsed="0.000000"/>
</kw>
<kw name="Set Test Variable" owner="BuiltIn">
<msg time="2026-04-13T21:49:25.687155" level="INFO">${EMAIL_TESTE} = vrezende@example.org</msg>
<arg>${EMAIL_TESTE}</arg>
<arg>${email}</arg>
<doc>Makes a variable available everywhere within the scope of the current test.</doc>
<status status="PASS" start="2026-04-13T21:49:25.686155" elapsed="0.001000"/>
</kw>
<status status="PASS" start="2026-04-13T21:49:25.686155" elapsed="0.001000"/>
</kw>
<status status="PASS" start="2026-04-13T21:49:25.686155" elapsed="0.001000"/>
</kw>
<kw name="Cadastrar Usuario ADM" owner="ServerRest_Resources">
<kw name="Gerar Nome Aleatorio" owner="ServerRest_Resources">
<kw name="Name" owner="FakerLibrary">
<msg time="2026-04-13T21:49:25.687155" level="INFO">${nome} = Brayan Lopes</msg>
<var>${nome}</var>
<doc>:example: 'John Doe'</doc>
<status status="PASS" start="2026-04-13T21:49:25.687155" elapsed="0.000000"/>
</kw>
<return>
<value>${nome}</value>
<status status="PASS" start="2026-04-13T21:49:25.687155" elapsed="0.000000"/>
</return>
<msg time="2026-04-13T21:49:25.687155" level="INFO">${nome} = Brayan Lopes</msg>
<var>${nome}</var>
<status status="PASS" start="2026-04-13T21:49:25.687155" elapsed="0.000000"/>
</kw>
<kw name="Create Dictionary" owner="BuiltIn">
<msg time="2026-04-13T21:49:25.688155" level="INFO">${body} = {'nome': 'Brayan Lopes', 'email': 'vrezende@example.org', 'password': 'teste', 'administrador': 'true'}</msg>
<var>${body}</var>
<arg>nome=${nome}</arg>
<arg>email=${EMAIL_TESTE}</arg>
<arg>password=teste</arg>
<arg>administrador=true</arg>
<doc>Creates and returns a dictionary based on the given ``items``.</doc>
[...]
<arg>alias=CompassServerRest</arg>
<arg>url=${URL}</arg>
<arg>headers=${headers}</arg>
<doc>Create Session: create a HTTP session to a server</doc>
<status status="PASS" start="2026-04-13T21:50:24.839796" elapsed="0.001001"/>
</kw>
<status status="PASS" start="2026-04-13T21:50:24.839796" elapsed="0.001001"/>
</kw>
<kw name="Criar Usuario Novo Aleatorio" owner="ServerRest_Resources">
<kw name="Gerar Email Aleatorio" owner="ServerRest_Resources">
<kw name="Email" owner="FakerLibrary">
<msg time="2026-04-13T21:50:24.840797" level="INFO">${email} = dporto@example.net</msg>
<var>${email}</var>
<status status="PASS" start="2026-04-13T21:50:24.840797" elapsed="0.000000"/>
</kw>
<kw name="Set Test Variable" owner="BuiltIn">
<msg time="2026-04-13T21:50:24.841796" level="INFO">${EMAIL_TESTE} = dporto@example.net</msg>
<arg>${EMAIL_TESTE}</arg>
<arg>${email}</arg>
<doc>Makes a variable available everywhere within the scope of the current test.</doc>
<status status="PASS" start="2026-04-13T21:50:24.840797" elapsed="0.000999"/>
</kw>
<status status="PASS" start="2026-04-13T21:50:24.840797" elapsed="0.000999"/>
</kw>
<status status="PASS" start="2026-04-13T21:50:24.840797" elapsed="0.000999"/>
</kw>
<kw name="Cadastrar Usuario ADM" owner="ServerRest_Resources">
<kw name="Gerar Nome Aleatorio" owner="ServerRest_Resources">
<kw name="Name" owner="FakerLibrary">
<msg time="2026-04-13T21:50:24.842796" level="INFO">${nome} = Dra. Jade Cavalcante</msg>
<var>${nome}</var>
<doc>:example: 'John Doe'</doc>
<status status="PASS" start="2026-04-13T21:50:24.842796" elapsed="0.000000"/>
</kw>
<return>
<value>${nome}</value>
<status status="PASS" start="2026-04-13T21:50:24.842796" elapsed="0.000000"/>
</return>
<msg time="2026-04-13T21:50:24.842796" level="INFO">${nome} = Dra. Jade Cavalcante</msg>
<var>${nome}</var>
<status status="PASS" start="2026-04-13T21:50:24.841796" elapsed="0.001000"/>
</kw>
<kw name="Create Dictionary" owner="BuiltIn">
<msg time="2026-04-13T21:50:24.842796" level="INFO">${body} = {'nome': 'Dra. Jade Cavalcante', 'email': 'dporto@example.net', 'password': 'teste', 'administrador': 'true'}</msg>
<var>${body}</var>
<arg>nome=${nome}</arg>
<arg>email=${EMAIL_TESTE}</arg>
<arg>password=teste</arg>
<arg>administrador=true</arg>
<doc>Creates and returns a dictionary based on the given ``items``.</doc>
<status status="PASS" start="2026-04-13T21:50:24.842796" elapsed="0.000000"/>
</kw>
<kw name="POST On Session" owner="RequestsLibrary">
<msg time="2026-04-13T21:50:25.377737" level="INFO">POST Request : url=https://compassuol.serverest.dev/usuarios 
 path_url=/usuarios 
 headers={'User-Agent': 'python-requests/2.32.5', 'Accept-Encoding': 'gzip, deflate', 'accept': 'application/json', 'Connection': 'keep-alive', 'Content-Type': 'application/json', 'Content-Length': '109'} 
 body=b'{"nome": "Dra. Jade Cavalcante", "email": "dporto@example.net", "password": "teste", "administrador": "true"}' 
 </msg>
<msg time="2026-04-13T21:50:25.377737" level="INFO">POST Response : url=https://compassuol.serverest.dev/usuarios 
 status=201, reason=Created 
 headers={'access-control-allow-origin': '*', 'x-dns-prefetch-control': 'off', 'x-frame-options': 'SAMEORIGIN', 'strict-transport-security': 'max-age=15552000; includeSubDomains', 'x-download-options': 'noopen', 'x-content-type-options': 'nosniff', 'x-xss-protection': '1; mode=block', 'content-type': 'application/json; charset=utf-8', 'x-cloud-trace-context': '29d132f9eaaeb0d7303ec146a46ce1b9', 'date': 'Tue, 14 Apr 2026 00:50:26 GMT', 'server': 'Google Frontend', 'Content-Length': '82'} 
 body={
    "message": "Cadastro realizado com sucesso",
    "_id": "jEjq1BsGoXtAfc1D"
} 
 </msg>
<msg time="2026-04-13T21:50:25.378737" level="INFO">${resposta} = &lt;Response [201]&gt;</msg>
<var>${resposta}</var>
<arg>alias=CompassServerRest</arg>
<arg>url=usuarios</arg>
<arg>json=${body}</arg>
<doc>Sends a POST request on a previously created HTTP Session.</doc>
<status status="PASS" start="2026-04-13T21:50:24.842796" elapsed="0.535941"/>
</kw>
<kw name="Set Test Variable" owner="BuiltIn">
<msg time="2026-04-13T21:50:25.379735" level="INFO">${RESPOSTA} = {'message': 'Cadastro realizado com sucesso', '_id': 'jEjq1BsGoXtAfc1D'}</msg>
<arg>${RESPOSTA}</arg>
<arg>${resposta.json()}</arg>
<doc>Makes a variable available everywhere within the scope of the current test.</doc>
<status status="PASS" start="2026-04-13T21:50:25.378737" elapsed="0.000998"/>
</kw>
<status status="PASS" start="2026-04-13T21:50:24.841796" elapsed="0.537939"/>
</kw>
<kw name="Set Suite Variable" owner="BuiltIn">
<msg time="2026-04-13T21:50:25.382861" level="INFO">${ID_USUARIO_1} = jEjq1BsGoXtAfc1D</msg>
<arg>${ID_USUARIO_1}</arg>
<arg>${RESPOSTA}[_id]</arg>
<doc>Makes a variable available everywhere within the scope of the current suite.</doc>
<status status="PASS" start="2026-04-13T21:50:25.380735" elapsed="0.002126"/>
</kw>
<kw name="Criar Usuario Novo Aleatorio" owner="ServerRest_Resources">
<kw name="Gerar Email Aleatorio" owner="ServerRest_Resources">
<kw name="Email" owner="FakerLibrary">
<msg time="2026-04-13T21:50:25.383858" level="INFO">${email} = noah69@example.com</msg>
<var>${email}</var>
<status status="PASS" start="2026-04-13T21:50:25.383858" elapsed="0.000000"/>
</kw>
<kw name="Set Test Variable" owner="BuiltIn">
<msg time="2026-04-13T21:50:25.383858" level="INFO">${EMAIL_TESTE} = noah69@example.com</msg>
<arg>${EMAIL_TESTE}</arg>
<arg>${email}</arg>
<doc>Makes a variable available everywhere within the scope of the current test.</doc>
<status status="PASS" start="2026-04-13T21:50:25.383858" elapsed="0.000000"/>
</kw>
<status status="PASS" start="2026-04-13T21:50:25.383858" elapsed="0.001005"/>
</kw>
<status status="PASS" start="2026-04-13T21:50:25.382861" elapsed="0.002002"/>
</kw>
<kw name="Cadastrar Usuario ADM" owner="ServerRest_Resources">
<kw name="Gerar Nome Aleatorio" owner="ServerRest_Resources">
<kw name="Name" owner="FakerLibrary">
<msg time="2026-04-13T21:50:25.384863" level="INFO">${nome} = Mariana Teixeira</msg>
<var>${nome}</var>
<doc>:example: 'John Doe'</doc>
<status status="PASS" start="2026-04-13T21:50:25.384863" elapsed="0.000000"/>
</kw>
<return>
<value>${nome}</value>
<status status="PASS" start="2026-04-13T21:50:25.384863" elapsed="0.000000"/>
</return>
<msg time="2026-04-13T21:50:25.384863" level="INFO">${nome} = Mariana Teixeira</msg>
<var>${nome}</var>
<status status="PASS" start="2026-04-13T21:50:25.384863" elapsed="0.000000"/>
</kw>
<kw name="Create Dictionary" owner="BuiltIn">
<msg time="2026-04-13T21:50:25.385864" level="INFO">${body} = {'nome': 'Mariana Teixeira', 'email': 'noah69@example.com', 'password': 'teste', 'administrador': 'true'}</msg>
<var>${body}</var>
<arg>nome=${nome}</arg>
<arg>email=${EMAIL_TESTE}</arg>
<arg>password=teste</arg>
<arg>administrador=true</arg>
<doc>Creates and returns a dictionary based on the given ``items``.</doc>
<status status="PASS" start="2026-04-13T21:50:25.384863" elapsed="0.001001"/>
</kw>
<kw name="POST On Session" owner="RequestsLibrary">
<msg time="2026-04-13T21:50:25.608640" level="INFO">POST Request : url=https://compassuol.serverest.dev/usuarios 
 path_url=/usuarios 
 headers={'User-Agent': 'python-requests/2.32.5', 'Accept-Encoding': 'gzip, deflate', 'accept': 'application/json', 'Connection': 'keep-alive', 'Content-Type': 'application/json', 'Content-Length': '105'} 
 body=b'{"nome": "Mariana Teixeira", "email": "noah69@example.com", "password": "teste", "administrador": "true"}' 
 </msg>
<msg time="2026-04-13T21:50:25.608640" level="INFO">POST Response : url=https://compassuol.serverest.dev/usuarios 
 status=201, reason=Created 
 headers={'access-control-allow-origin': '*', 'x-dns-prefetch-control': 'off', 'x-frame-options': 'SAMEORIGIN', 'strict-transport-security': 'max-age=15552000; includeSubDomains', 'x-download-options': 'noopen', 'x-content-type-options': 'nosniff', 'x-xss-protection': '1; mode=block', 'content-type': 'application/json; charset=utf-8', 'x-cloud-trace-context': '0a143c58ee24ee71303ec146a46ce0bc', 'date': 'Tue, 14 Apr 2026 00:50:26 GMT', 'server': 'Google Frontend', 'Content-Length': '82'} 
 body={
    "message": "Cadastro realizado com sucesso",
    "_id": "YICzqd3eEslCREgx"
} 
 </msg>
<msg time="2026-04-13T21:50:25.608640" level="INFO">${resposta} = &lt;Response [201]&gt;</msg>
<var>${resposta}</var>
<arg>alias=CompassServerRest</arg>
<arg>url=usuarios</arg>
<arg>json=${body}</arg>
<doc>Sends a POST request on a previously created HTTP Session.</doc>
<status status="PASS" start="2026-04-13T21:50:25.385864" elapsed="0.222776"/>
</kw>
<kw name="Set Test Variable" owner="BuiltIn">
<msg time="2026-04-13T21:50:25.609638" level="INFO">${RESPOSTA} = {'message': 'Cadastro realizado com sucesso', '_id': 'YICzqd3eEslCREgx'}</msg>
<arg>${RESPOSTA}</arg>
<arg>${resposta.json()}</arg>
<doc>Makes a variable available everywhere within the scope of the current test.</doc>
<status status="PASS" start="2026-04-13T21:50:25.608640" elapsed="0.000998"/>
</kw>
<status status="PASS" start="2026-04-13T21:50:25.384863" elapsed="0.224775"/>
</kw>
<kw name="Set Suite Variable" owner="BuiltIn">
<msg time="2026-04-13T21:50:25.612552" level="INFO">${ID_USUARIO_2} = YICzqd3eEslCREgx</msg>
<arg>${ID_USUARIO_2}</arg>
<arg>${RESPOSTA}[_id]</arg>
<doc>Makes a variable available everywhere within the scope of the current suite.</doc>
<status status="PASS" start="2026-04-13T21:50:25.609638" elapsed="0.002914"/>
</kw>
<kw name="Tentar editar usuario com email duplicado" owner="ServerRest_Resources_usuarios">
<kw name="Set Variable" owner="BuiltIn">
<msg time="2026-04-13T21:50:25.613560" level="INFO">${email_usuario_1} = noah69@example.com</msg>
<var>${email_usuario_1}</var>
<arg>${EMAIL_TESTE}</arg>
<doc>Returns the given values which can then be assigned to a variables.</doc>
<status status="PASS" start="2026-04-13T21:50:25.612552" elapsed="0.001008"/>
</kw>
<kw name="Create Dictionary" owner="BuiltIn">
<msg time="2026-04-13T21:50:25.613560" level="INFO">${body} = {'nome': 'Usuario Editado', 'email': 'noah69@example.com', 'password': 'teste', 'administrador': 'true'}</msg>
<var>${body}</var>
<arg>nome=Usuario Editado</arg>
<arg>email=${email_usuario_1}</arg>
<arg>password=teste</arg>
<arg>administrador=true</arg>
<doc>Creates and returns a dictionary based on the given ``items``.</doc>
<status status="PASS" start="2026-04-13T21:50:25.613560" elapsed="0.000000"/>
</kw>
<kw name="PUT On Session" owner="RequestsLibrary">
<msg time="2026-04-13T21:50:25.820148" level="INFO">PUT Request : url=https://compassuol.serverest.dev/usuarios/YICzqd3eEslCREgx 
 path_url=/usuarios/YICzqd3eEslCREgx 
 headers={'User-Agent': 'python-requests/2.32.5', 'Accept-Encoding': 'gzip, deflate', 'accept': 'application/json', 'Connection': 'keep-alive', 'Content-Type': 'application/json', 'Content-Length': '104'} 
 body=b'{"nome": "Usuario Editado", "email": "noah69@example.com", "password": "teste", "administrador": "true"}' 
 </msg>
<msg time="2026-04-13T21:50:25.820148" level="INFO">PUT Response : url=https://compassuol.serverest.dev/usuarios/YICzqd3eEslCREgx 
 status=200, reason=OK 
 headers={'access-control-allow-origin': '*', 'x-dns-prefetch-control': 'off', 'x-frame-options': 'SAMEORIGIN', 'strict-transport-security': 'max-age=15552000; includeSubDomains', 'x-download-options': 'noopen', 'x-content-type-options': 'nosniff', 'x-xss-protection': '1; mode=block', 'content-type': 'application/json; charset=utf-8', 'x-cloud-trace-context': '3d036534170d80dd303ec146a46ce57b', 'date': 'Tue, 14 Apr 2026 00:50:26 GMT', 'server': 'Google Frontend', 'Content-Length': '50'} 
 body={
    "message": "Registro alterado com sucesso"
} 
 </msg>
<msg time="2026-04-13T21:50:25.820148" level="INFO">${resposta_errada} = &lt;Response [200]&gt;</msg>
<var>${resposta_errada}</var>
<arg>alias=CompassServerRest</arg>
<arg>url=usuarios/${ID_USUARIO_2}</arg>
<arg>json=${body}</arg>
<arg>expected_status=any</arg>
<doc>Sends a PUT request on a previously created HTTP Session.</doc>
<status status="PASS" start="2026-04-13T21:50:25.613560" elapsed="0.206588"/>
</kw>
<kw name="Set Test Variable" owner="BuiltIn">
<msg time="2026-04-13T21:50:25.821148" level="INFO">${RESPOSTA_ERRO} = &lt;Response [200]&gt;</msg>
<arg>${RESPOSTA_ERRO}</arg>
<arg>${resposta_errada}</arg>
<doc>Makes a variable available everywhere within the scope of the current test.</doc>
<status status="PASS" start="2026-04-13T21:50:25.821148" elapsed="0.000000"/>
</kw>
<status status="PASS" start="2026-04-13T21:50:25.612552" elapsed="0.208596"/>
</kw>
<kw name="Validar status code 400 e mensagem de email duplicado na edicao" owner="ServerRest_Resources_usuarios">
<kw name="Should Be Equal As Integers" owner="BuiltIn">
<msg time="2026-04-13T21:50:25.823146" level="INFO">Argument types are:
&lt;class 'int'&gt;
&lt;class 'str'&gt;</msg>
<msg time="2026-04-13T21:50:25.823146" level="FAIL">Sad Path: PUT /usuarios/{_id} deve retornar status 400 ao tentar editar com email duplicado (bloqueio de unicidade): 200 != 400</msg>
<arg>${RESPOSTA_ERRO.status_code}</arg>
<arg>400</arg>
<arg>msg=Sad Path: PUT /usuarios/{_id} deve retornar status 400 ao tentar editar com email duplicado (bloqueio de unicidade)</arg>
<doc>Fails if objects are unequal after converting them to integers.</doc>
<status status="FAIL" start="2026-04-13T21:50:25.822145" elapsed="0.001001">Sad Path: PUT /usuarios/{_id} deve retornar status 400 ao tentar editar com email duplicado (bloqueio de unicidade): 200 != 400</status>
</kw>
<kw name="Run Keyword And Continue On Failure" owner="BuiltIn">
<arg>Dictionary Should Contain Item</arg>
<arg>${RESPOSTA_ERRO.json()}</arg>
<arg>message</arg>
<arg>Este email já está sendo usado</arg>
<arg>msg=Regra de negócio: API não permite reutilizar email já cadastrado em outro usuário</arg>
<doc>Runs the keyword and continues execution even if a failure occurs.</doc>
<status status="NOT RUN" start="2026-04-13T21:50:25.823146" elapsed="0.000000"/>
</kw>
<status status="FAIL" start="2026-04-13T21:50:25.822145" elapsed="0.001001">Sad Path: PUT /usuarios/{_id} deve retornar status 400 ao tentar editar com email duplicado (bloqueio de unicidade): 200 != 400</status>
</kw>
<doc>Garantir que a API não permita editar um usuário alterando seu email para um que já existe.
Resultado esperado: Status 400 Bad Request.</doc>
<tag>bug</tag>
<tag>business_rule</tag>
<tag>data</tag>
<tag>usuarios</tag>
<status status="FAIL" start="2026-04-13T21:50:24.838795" elapsed="0.984351">Sad Path: PUT /usuarios/{_id} deve retornar status 400 ao tentar editar com email duplicado (bloqueio de unicidade): 200 != 400</status>
</test>
<doc>Essa suite testa o site compassuol.serverest.dev</doc>
<status status="FAIL" start="2026-04-13T21:50:21.122232" elapsed="4.701912"/>
</suite>
<status status="FAIL" start="2026-04-13T21:49:42.184322" elapsed="43.641823"/>
</suite>
<status status="FAIL" start="2026-04-13T21:49:42.176456" elapsed="43.650688"/>
</suite>
<status status="FAIL" start="2026-04-13T21:49:42.174451" elapsed="43.653693"/>
</suite>
<status status="FAIL" start="2026-04-13T21:49:09.931162" elapsed="75.897988"/>
</suite>
<status status="FAIL" start="2026-04-13T21:49:09.913423" elapsed="75.916722"/>
</suite>
<statistics>
<total>
<stat pass="42" fail="14" skip="0">All Tests</stat>
</total>
<tag>
<stat pass="0" fail="2" skip="0">adm</stat>
<stat pass="10" fail="0" skip="0">authorization</stat>
<stat pass="3" fail="11" skip="0">bug</stat>
<stat pass="14" fail="4" skip="0">business_rule</stat>
<stat pass="12" fail="7" skip="0">carrinho</stat>
<stat pass="18" fail="9" skip="0">data</stat>
<stat pass="2" fail="3" skip="0">delete</stat>
<stat pass="22" fail="9" skip="0">errors</stat>
<stat pass="3" fail="0" skip="0">funcional</stat>
<stat pass="0" fail="2" skip="0">get</stat>
<stat pass="5" fail="1" skip="0">lifecycle</stat>
<stat pass="9" fail="3" skip="0">login</stat>
<stat pass="0" fail="2" skip="0">post</stat>
<stat pass="14" fail="5" skip="0">produto</stat>
<stat pass="0" fail="2" skip="0">put</stat>
<stat pass="2" fail="0" skip="0">rbac</stat>
<stat pass="8" fail="0" skip="0">seguranca</stat>
<stat pass="8" fail="7" skip="0">usuarios</stat>
<stat pass="2" fail="0" skip="0">verbs</stat>
</tag>
<suite>
<stat name="AWS---AI-for-Softaware-Quality-Engineering---Fase-1---2" id="s1" pass="42" fail="14" skip="0">AWS---AI-for-Softaware-Quality-Engineering---Fase-1---2</stat>
<stat name="Fase 2" id="s1-s1" pass="42" fail="14" skip="0">AWS---AI-for-Softaware-Quality-Engineering---Fase-1---2.Fase 2</stat>
<stat name="Sprint 2" id="s1-s1-s1" pass="16" fail="2" skip="0">AWS---AI-for-Softaware-Quality-Engineering---Fase-1---2.Fase 2.Sprint 2</stat>
<stat name="Semana 4" id="s1-s1-s1-s1" pass="16" fail="2" skip="0">AWS---AI-for-Softaware-Quality-Engineering---Fase-1---2.Fase 2.Sprint 2.Semana 4</stat>
<stat name="TestingServerRest" id="s1-s1-s1-s1-s1" pass="16" fail="2" skip="0">AWS---AI-for-Softaware-Quality-Engineering---Fase-1---2.Fase 2.Sprint 2.Semana 4.TestingServerRest</stat>
<stat name="ServerRest testes 1HP" id="s1-s1-s1-s1-s1-s1" pass="0" fail="1" skip="0">AWS---AI-for-Softaware-Quality-Engineering---Fase-1---2.Fase 2.Sprint 2.Semana 4.TestingServerRest.ServerRest testes 1HP</stat>
<stat name="ServerRest testes CARRINHO" id="s1-s1-s1-s1-s1-s2" pass="5" fail="0" skip="0">AWS---AI-for-Softaware-Quality-Engineering---Fase-1---2.Fase 2.Sprint 2.Semana 4.TestingServerRest.ServerRest testes CARRINHO</stat>
<stat name="ServerRest testes LOGIN" id="s1-s1-s1-s1-s1-s3" pass="3" fail="0" skip="0">AWS---AI-for-Softaware-Quality-Engineering---Fase-1---2.Fase 2.Sprint 2.Semana 4.TestingServerRest.ServerRest testes LOGIN</stat>
<stat name="ServerRest testes PRODUTOS" id="s1-s1-s1-s1-s1-s4" pass="5" fail="0" skip="0">AWS---AI-for-Softaware-Quality-Engineering---Fase-1---2.Fase 2.Sprint 2.Semana 4.TestingServerRest.ServerRest testes PRODUTOS</stat>
<stat name="ServerRest testes USUARIOS" id="s1-s1-s1-s1-s1-s5" pass="3" fail="1" skip="0">AWS---AI-for-Softaware-Quality-Engineering---Fase-1---2.Fase 2.Sprint 2.Semana 4.TestingServerRest.ServerRest testes USUARIOS</stat>
<stat name="Sprint 4" id="s1-s1-s2" pass="26" fail="12" skip="0">AWS---AI-for-Softaware-Quality-Engineering---Fase-1---2.Fase 2.Sprint 4</stat>
<stat name="Semana 8" id="s1-s1-s2-s1" pass="26" fail="12" skip="0">AWS---AI-for-Softaware-Quality-Engineering---Fase-1---2.Fase 2.Sprint 4.Semana 8</stat>
<stat name="TestingServerRestCF" id="s1-s1-s2-s1-s1" pass="26" fail="12" skip="0">AWS---AI-for-Softaware-Quality-Engineering---Fase-1---2.Fase 2.Sprint 4.Semana 8.TestingServerRestCF</stat>
<stat name="ServerRest testes 1HP" id="s1-s1-s2-s1-s1-s1" pass="6" fail="3" skip="0">AWS---AI-for-Softaware-Quality-Engineering---Fase-1---2.Fase 2.Sprint 4.Semana 8.TestingServerRestCF.ServerRest testes 1HP</stat>
<stat name="ServerRest testes CARRINHO" id="s1-s1-s2-s1-s1-s2" pass="5" fail="3" skip="0">AWS---AI-for-Softaware-Quality-Engineering---Fase-1---2.Fase 2.Sprint 4.Semana 8.TestingServerRestCF.ServerRest testes CARRINHO</stat>
<stat name="ServerRest testes LOGIN" id="s1-s1-s2-s1-s1-s3" pass="5" fail="1" skip="0">AWS---AI-for-Softaware-Quality-Engineering---Fase-1---2.Fase 2.Sprint 4.Semana 8.TestingServerRestCF.ServerRest testes LOGIN</stat>
<stat name="ServerRest testes PRODUTOS" id="s1-s1-s2-s1-s1-s4" pass="6" fail="2" skip="0">AWS---AI-for-Softaware-Quality-Engineering---Fase-1---2.Fase 2.Sprint 4.Semana 8.TestingServerRestCF.ServerRest testes PRODUTOS</stat>
<stat name="ServerRest testes USUARIOS" id="s1-s1-s2-s1-s1-s5" pass="4" fail="3" skip="0">AWS---AI-for-Softaware-Quality-Engineering---Fase-1---2.Fase 2.Sprint 4.Semana 8.TestingServerRestCF.ServerRest testes USUARIOS</stat>
</suite>
</statistics>
<errors>
</errors>
</robot>
