<?xml version="1.0" encoding="UTF-8"?>
<robot generator="Robot 7.4.2 (Python 3.12.2 on win32)" generated="2026-03-17T11:08:50.909149" rpa="false" schemaversion="5">
<suite id="s1" name="AWS---AI-for-Softaware-Quality-Engineering---Fase-1---2" source="C:\Users\IgorHerculanoSilva\Desktop\Learning\Repositorio inicial\AWS---AI-for-Softaware-Quality-Engineering---Fase-1---2">
<suite id="s1-s1" name="Fase 2" source="C:\Users\IgorHerculanoSilva\Desktop\Learning\Repositorio inicial\AWS---AI-for-Softaware-Quality-Engineering---Fase-1---2\Fase 2">
<suite id="s1-s1-s1" name="Sprint 2" source="C:\Users\IgorHerculanoSilva\Desktop\Learning\Repositorio inicial\AWS---AI-for-Softaware-Quality-Engineering---Fase-1---2\Fase 2\Sprint 2">
<suite id="s1-s1-s1-s1" name="Semana 4" source="C:\Users\IgorHerculanoSilva\Desktop\Learning\Repositorio inicial\AWS---AI-for-Softaware-Quality-Engineering---Fase-1---2\Fase 2\Sprint 2\Semana 4">
<suite id="s1-s1-s1-s1-s1" name="TestingServerRest" source="C:\Users\IgorHerculanoSilva\Desktop\Learning\Repositorio inicial\AWS---AI-for-Softaware-Quality-Engineering---Fase-1---2\Fase 2\Sprint 2\Semana 4\TestingServerRest">
<suite id="s1-s1-s1-s1-s1-s1" name="ServerRest testes" source="C:\Users\IgorHerculanoSilva\Desktop\Learning\Repositorio inicial\AWS---AI-for-Softaware-Quality-Engineering---Fase-1---2\Fase 2\Sprint 2\Semana 4\TestingServerRest\ServerRest_testes.robot">
<test id="s1-s1-s1-s1-s1-s1-t1" name="HP-01 - Happy Path ADM" line="7">
<kw name="Criar Usuario Novo Aleatorio" owner="ServerRest_resources">
<kw name="Generate Random String" owner="String">
<msg time="2026-03-17T11:08:51.072922" level="INFO">${palavra_aleatorio} = CcyP</msg>
<var>${palavra_aleatorio}</var>
<arg>length=4</arg>
<arg>chars=[LETTERS]</arg>
<doc>Generates a string with a desired ``length`` from the given ``chars``.</doc>
<status status="PASS" start="2026-03-17T11:08:51.071922" elapsed="0.001000"/>
</kw>
<kw name="Convert To Lower Case" owner="String">
<msg time="2026-03-17T11:08:51.073922" level="INFO">${palavra_aleatorio} = ccyp</msg>
<var>${palavra_aleatorio}</var>
<arg>${palavra_aleatorio}</arg>
<doc>Converts string to lower case.</doc>
<status status="PASS" start="2026-03-17T11:08:51.072922" elapsed="0.001000"/>
</kw>
<kw name="Set Test Variable" owner="BuiltIn">
<msg time="2026-03-17T11:08:51.075920" level="INFO">${EMAIL_TESTE} = ccyp@teste.com</msg>
<arg>${EMAIL_TESTE}</arg>
<arg>${palavra_aleatorio}@teste.com</arg>
<doc>Makes a variable available everywhere within the scope of the current test.</doc>
<status status="PASS" start="2026-03-17T11:08:51.074920" elapsed="0.001000"/>
</kw>
<status status="PASS" start="2026-03-17T11:08:51.070920" elapsed="0.006001"/>
</kw>
<doc>Realizar um happy path para testar todas as funcionalidades baiscas da API.
Resultado esperado: 200 | 201.</doc>
<tag>adm</tag>
<tag>carrinho</tag>
<tag>delete</tag>
<tag>get</tag>
<tag>login</tag>
<tag>post</tag>
<tag>produto</tag>
<tag>put</tag>
<tag>usuarios</tag>
<status status="PASS" start="2026-03-17T11:08:51.064923" elapsed="0.012507"/>
</test>
<doc>Essa suite testa o site compassuol.serverest.dev</doc>
<status status="PASS" start="2026-03-17T11:08:50.987531" elapsed="0.096909"/>
</suite>
<status status="PASS" start="2026-03-17T11:08:50.984532" elapsed="0.104908"/>
</suite>
<status status="PASS" start="2026-03-17T11:08:50.979532" elapsed="0.114087"/>
</suite>
<status status="PASS" start="2026-03-17T11:08:50.973996" elapsed="0.125622"/>
</suite>
<status status="PASS" start="2026-03-17T11:08:50.964996" elapsed="0.138623"/>
</suite>
<status status="PASS" start="2026-03-17T11:08:50.915770" elapsed="0.190848"/>
</suite>
<statistics>
<total>
<stat pass="1" fail="0" skip="0">All Tests</stat>
</total>
<tag>
<stat pass="1" fail="0" skip="0">adm</stat>
<stat pass="1" fail="0" skip="0">carrinho</stat>
<stat pass="1" fail="0" skip="0">delete</stat>
<stat pass="1" fail="0" skip="0">get</stat>
<stat pass="1" fail="0" skip="0">login</stat>
<stat pass="1" fail="0" skip="0">post</stat>
<stat pass="1" fail="0" skip="0">produto</stat>
<stat pass="1" fail="0" skip="0">put</stat>
<stat pass="1" fail="0" skip="0">usuarios</stat>
</tag>
<suite>
<stat name="AWS---AI-for-Softaware-Quality-Engineering---Fase-1---2" id="s1" pass="1" fail="0" skip="0">AWS---AI-for-Softaware-Quality-Engineering---Fase-1---2</stat>
<stat name="Fase 2" id="s1-s1" pass="1" fail="0" skip="0">AWS---AI-for-Softaware-Quality-Engineering---Fase-1---2.Fase 2</stat>
<stat name="Sprint 2" id="s1-s1-s1" pass="1" fail="0" skip="0">AWS---AI-for-Softaware-Quality-Engineering---Fase-1---2.Fase 2.Sprint 2</stat>
<stat name="Semana 4" id="s1-s1-s1-s1" pass="1" fail="0" skip="0">AWS---AI-for-Softaware-Quality-Engineering---Fase-1---2.Fase 2.Sprint 2.Semana 4</stat>
<stat name="TestingServerRest" id="s1-s1-s1-s1-s1" pass="1" fail="0" skip="0">AWS---AI-for-Softaware-Quality-Engineering---Fase-1---2.Fase 2.Sprint 2.Semana 4.TestingServerRest</stat>
<stat name="ServerRest testes" id="s1-s1-s1-s1-s1-s1" pass="1" fail="0" skip="0">AWS---AI-for-Softaware-Quality-Engineering---Fase-1---2.Fase 2.Sprint 2.Semana 4.TestingServerRest.ServerRest testes</stat>
</suite>
</statistics>
<errors>
</errors>
</robot>
